ARM GAS  C:\Users\hungv\AppData\Local\Temp\cc67hy50.s 			page 1


   1              		.cpu cortex-m4
   2              		.eabi_attribute 27, 1
   3              		.eabi_attribute 28, 1
   4              		.eabi_attribute 20, 1
   5              		.eabi_attribute 21, 1
   6              		.eabi_attribute 23, 3
   7              		.eabi_attribute 24, 1
   8              		.eabi_attribute 25, 1
   9              		.eabi_attribute 26, 1
  10              		.eabi_attribute 30, 1
  11              		.eabi_attribute 34, 1
  12              		.eabi_attribute 18, 4
  13              		.file	"hdmi_driver.c"
  14              		.text
  15              	.Ltext0:
  16              		.cfi_sections	.debug_frame
  17              		.section	.text.BSP_CAMERA_MsInit,"ax",%progbits
  18              		.align	1
  19              		.global	BSP_CAMERA_MsInit
  20              		.arch armv7e-m
  21              		.syntax unified
  22              		.thumb
  23              		.thumb_func
  24              		.fpu fpv4-sp-d16
  26              	BSP_CAMERA_MsInit:
  27              	.LFB131:
  28              		.file 1 "Src/hdmi_driver.c"
   1:Src/hdmi_driver.c **** /*
   2:Src/hdmi_driver.c ****  * hdmi_driver.c
   3:Src/hdmi_driver.c ****  *
   4:Src/hdmi_driver.c ****  *  Created on: 01.08.2019
   5:Src/hdmi_driver.c ****  *      Author: hungv
   6:Src/hdmi_driver.c ****  */
   7:Src/hdmi_driver.c **** 
   8:Src/hdmi_driver.c **** #include "hdmi_driver.h"
   9:Src/hdmi_driver.c **** #include "stm32f4xx_hal.h"
  10:Src/hdmi_driver.c **** #include "i2c_driver.h"
  11:Src/hdmi_driver.c **** #include "io.h"
  12:Src/hdmi_driver.c **** #include "ov2640.h"
  13:Src/hdmi_driver.c **** #include "io_pin_driver.h"
  14:Src/hdmi_driver.c **** 
  15:Src/hdmi_driver.c **** DCMI_HandleTypeDef hdcmi;
  16:Src/hdmi_driver.c **** CAMERA_DrvTypeDef *camera;
  17:Src/hdmi_driver.c **** 
  18:Src/hdmi_driver.c **** uint32_t current_resolution;
  19:Src/hdmi_driver.c **** uint32_t GetSize(uint32_t resolution);
  20:Src/hdmi_driver.c **** 
  21:Src/hdmi_driver.c **** /**
  22:Src/hdmi_driver.c ****   * @brief  Initializes the camera.
  23:Src/hdmi_driver.c ****   * @param  Resolution: Camera Resolution
  24:Src/hdmi_driver.c ****   * @retval Camera status
  25:Src/hdmi_driver.c ****   */
  26:Src/hdmi_driver.c **** uint8_t BSP_CAMERA_Init(uint32_t Resolution)
  27:Src/hdmi_driver.c **** {
  28:Src/hdmi_driver.c ****   DCMI_HandleTypeDef *phdcmi;
  29:Src/hdmi_driver.c **** 
  30:Src/hdmi_driver.c ****   uint8_t ret = CAMERA_ERROR;
ARM GAS  C:\Users\hungv\AppData\Local\Temp\cc67hy50.s 			page 2


  31:Src/hdmi_driver.c **** 
  32:Src/hdmi_driver.c ****   hdcmi.Instance = DCMI;
  33:Src/hdmi_driver.c ****   	hdcmi.Init.SynchroMode = DCMI_SYNCHRO_HARDWARE;
  34:Src/hdmi_driver.c ****   	hdcmi.Init.PCKPolarity = DCMI_PCKPOLARITY_FALLING;
  35:Src/hdmi_driver.c ****   	hdcmi.Init.VSPolarity = DCMI_VSPOLARITY_LOW;
  36:Src/hdmi_driver.c ****   	hdcmi.Init.HSPolarity = DCMI_HSPOLARITY_LOW;
  37:Src/hdmi_driver.c ****   	hdcmi.Init.CaptureRate = DCMI_CR_ALL_FRAME;
  38:Src/hdmi_driver.c ****   	hdcmi.Init.ExtendedDataMode = DCMI_EXTEND_DATA_8B;
  39:Src/hdmi_driver.c ****   	hdcmi.Init.JPEGMode = DCMI_JPEG_DISABLE;
  40:Src/hdmi_driver.c ****   	if (HAL_DCMI_Init(&hdcmi) != HAL_OK) {
  41:Src/hdmi_driver.c ****   		Error_Handler();
  42:Src/hdmi_driver.c ****   	}
  43:Src/hdmi_driver.c ****   /* Configure IO functionalities for camera detect pin */
  44:Src/hdmi_driver.c ****   BSP_IO_Init();
  45:Src/hdmi_driver.c **** 
  46:Src/hdmi_driver.c ****   /* Set the camera STANDBY pin */
  47:Src/hdmi_driver.c ****   BSP_IO_ConfigPin(GPIO_PIN_0, IO_MODE_OUTPUT);
  48:Src/hdmi_driver.c ****   BSP_IO_WritePin(GPIO_PIN_0, SET);
  49:Src/hdmi_driver.c **** 
  50:Src/hdmi_driver.c ****   /* Check if the camera is plugged */
  51:Src/hdmi_driver.c ****   if(BSP_IO_ReadPin(GPIO_PIN_3))
  52:Src/hdmi_driver.c ****   {
  53:Src/hdmi_driver.c ****     return CAMERA_ERROR;
  54:Src/hdmi_driver.c ****   }
  55:Src/hdmi_driver.c **** 
  56:Src/hdmi_driver.c ****   /* DCMI Initialization */
  57:Src/hdmi_driver.c ****   BSP_CAMERA_MsInit();
  58:Src/hdmi_driver.c ****   HAL_DCMI_Init(phdcmi);
  59:Src/hdmi_driver.c **** 
  60:Src/hdmi_driver.c ****   if(ov2640_ReadID(CAMERA_I2C_ADDRESS) == OV2640_ID)
  61:Src/hdmi_driver.c ****   {
  62:Src/hdmi_driver.c ****     /* Initialize the camera driver structure */
  63:Src/hdmi_driver.c ****     camera = &ov2640_drv;
  64:Src/hdmi_driver.c **** 
  65:Src/hdmi_driver.c ****     /* Camera Init */
  66:Src/hdmi_driver.c ****     camera->Init(CAMERA_I2C_ADDRESS, Resolution);
  67:Src/hdmi_driver.c **** 
  68:Src/hdmi_driver.c ****     /* Return CAMERA_OK status */
  69:Src/hdmi_driver.c ****     ret = CAMERA_OK;
  70:Src/hdmi_driver.c ****   }
  71:Src/hdmi_driver.c **** 
  72:Src/hdmi_driver.c ****   current_resolution = Resolution;
  73:Src/hdmi_driver.c **** 
  74:Src/hdmi_driver.c ****   return ret;
  75:Src/hdmi_driver.c **** }
  76:Src/hdmi_driver.c **** void BSP_CAMERA_MsInit(void) {
  29              		.loc 1 76 30 view -0
  30              		.cfi_startproc
  31              		@ args = 0, pretend = 0, frame = 40
  32              		@ frame_needed = 0, uses_anonymous_args = 0
  33 0000 70B5     		push	{r4, r5, r6, lr}
  34              	.LCFI0:
  35              		.cfi_def_cfa_offset 16
  36              		.cfi_offset 4, -16
  37              		.cfi_offset 5, -12
  38              		.cfi_offset 6, -8
  39              		.cfi_offset 14, -4
ARM GAS  C:\Users\hungv\AppData\Local\Temp\cc67hy50.s 			page 3


  40 0002 8AB0     		sub	sp, sp, #40
  41              	.LCFI1:
  42              		.cfi_def_cfa_offset 56
  77:Src/hdmi_driver.c **** 
  78:Src/hdmi_driver.c **** 	GPIO_InitTypeDef GPIO_InitStruct = { 0 };
  43              		.loc 1 78 2 view .LVU1
  44              		.loc 1 78 19 is_stmt 0 view .LVU2
  45 0004 0024     		movs	r4, #0
  46 0006 0794     		str	r4, [sp, #28]
  47 0008 0894     		str	r4, [sp, #32]
  79:Src/hdmi_driver.c **** 
  80:Src/hdmi_driver.c **** 	/*** Enable peripherals and GPIO clocks ***/
  81:Src/hdmi_driver.c **** 	/* Enable DCMI clock */
  82:Src/hdmi_driver.c **** 	__HAL_RCC_DCMI_CLK_ENABLE();
  48              		.loc 1 82 2 is_stmt 1 view .LVU3
  49              	.LBB2:
  50              		.loc 1 82 2 view .LVU4
  51 000a 0094     		str	r4, [sp]
  52              		.loc 1 82 2 view .LVU5
  53 000c 2E4B     		ldr	r3, .L3
  54 000e 5A6B     		ldr	r2, [r3, #52]
  55 0010 42F00102 		orr	r2, r2, #1
  56 0014 5A63     		str	r2, [r3, #52]
  57              		.loc 1 82 2 view .LVU6
  58 0016 5A6B     		ldr	r2, [r3, #52]
  59 0018 02F00102 		and	r2, r2, #1
  60 001c 0092     		str	r2, [sp]
  61              		.loc 1 82 2 view .LVU7
  62 001e 009A     		ldr	r2, [sp]
  63              	.LBE2:
  83:Src/hdmi_driver.c **** 
  84:Src/hdmi_driver.c **** 	/* GPIO Ports Clock Enable */
  85:Src/hdmi_driver.c **** 	__HAL_RCC_GPIOE_CLK_ENABLE();
  64              		.loc 1 85 2 view .LVU8
  65              	.LBB3:
  66              		.loc 1 85 2 view .LVU9
  67 0020 0194     		str	r4, [sp, #4]
  68              		.loc 1 85 2 view .LVU10
  69 0022 1A6B     		ldr	r2, [r3, #48]
  70 0024 42F01002 		orr	r2, r2, #16
  71 0028 1A63     		str	r2, [r3, #48]
  72              		.loc 1 85 2 view .LVU11
  73 002a 1A6B     		ldr	r2, [r3, #48]
  74 002c 02F01002 		and	r2, r2, #16
  75 0030 0192     		str	r2, [sp, #4]
  76              		.loc 1 85 2 view .LVU12
  77 0032 019A     		ldr	r2, [sp, #4]
  78              	.LBE3:
  86:Src/hdmi_driver.c **** 	__HAL_RCC_GPIOA_CLK_ENABLE();
  79              		.loc 1 86 2 view .LVU13
  80              	.LBB4:
  81              		.loc 1 86 2 view .LVU14
  82 0034 0294     		str	r4, [sp, #8]
  83              		.loc 1 86 2 view .LVU15
  84 0036 1A6B     		ldr	r2, [r3, #48]
  85 0038 42F00102 		orr	r2, r2, #1
  86 003c 1A63     		str	r2, [r3, #48]
ARM GAS  C:\Users\hungv\AppData\Local\Temp\cc67hy50.s 			page 4


  87              		.loc 1 86 2 view .LVU16
  88 003e 1A6B     		ldr	r2, [r3, #48]
  89 0040 02F00102 		and	r2, r2, #1
  90 0044 0292     		str	r2, [sp, #8]
  91              		.loc 1 86 2 view .LVU17
  92 0046 029A     		ldr	r2, [sp, #8]
  93              	.LBE4:
  87:Src/hdmi_driver.c **** 	__HAL_RCC_GPIOC_CLK_ENABLE();
  94              		.loc 1 87 2 view .LVU18
  95              	.LBB5:
  96              		.loc 1 87 2 view .LVU19
  97 0048 0394     		str	r4, [sp, #12]
  98              		.loc 1 87 2 view .LVU20
  99 004a 1A6B     		ldr	r2, [r3, #48]
 100 004c 42F00402 		orr	r2, r2, #4
 101 0050 1A63     		str	r2, [r3, #48]
 102              		.loc 1 87 2 view .LVU21
 103 0052 1A6B     		ldr	r2, [r3, #48]
 104 0054 02F00402 		and	r2, r2, #4
 105 0058 0392     		str	r2, [sp, #12]
 106              		.loc 1 87 2 view .LVU22
 107 005a 039A     		ldr	r2, [sp, #12]
 108              	.LBE5:
  88:Src/hdmi_driver.c **** 	__HAL_RCC_GPIOB_CLK_ENABLE();
 109              		.loc 1 88 2 view .LVU23
 110              	.LBB6:
 111              		.loc 1 88 2 view .LVU24
 112 005c 0494     		str	r4, [sp, #16]
 113              		.loc 1 88 2 view .LVU25
 114 005e 1A6B     		ldr	r2, [r3, #48]
 115 0060 42F00202 		orr	r2, r2, #2
 116 0064 1A63     		str	r2, [r3, #48]
 117              		.loc 1 88 2 view .LVU26
 118 0066 1B6B     		ldr	r3, [r3, #48]
 119 0068 03F00203 		and	r3, r3, #2
 120 006c 0493     		str	r3, [sp, #16]
 121              		.loc 1 88 2 view .LVU27
 122 006e 049B     		ldr	r3, [sp, #16]
 123              	.LBE6:
  89:Src/hdmi_driver.c **** 
  90:Src/hdmi_driver.c **** 	/* Configure DCMI GPIO as alternate function */
  91:Src/hdmi_driver.c **** 	GPIO_InitStruct.Pin = GPIO_PIN_4 | GPIO_PIN_5 | GPIO_PIN_6;
 124              		.loc 1 91 2 view .LVU28
 125              		.loc 1 91 22 is_stmt 0 view .LVU29
 126 0070 7023     		movs	r3, #112
 127 0072 0593     		str	r3, [sp, #20]
  92:Src/hdmi_driver.c **** 	GPIO_InitStruct.Mode = GPIO_MODE_AF_PP;
 128              		.loc 1 92 2 is_stmt 1 view .LVU30
 129              		.loc 1 92 23 is_stmt 0 view .LVU31
 130 0074 0226     		movs	r6, #2
 131 0076 0696     		str	r6, [sp, #24]
  93:Src/hdmi_driver.c **** 	GPIO_InitStruct.Pull = GPIO_NOPULL;
 132              		.loc 1 93 2 is_stmt 1 view .LVU32
  94:Src/hdmi_driver.c **** 	GPIO_InitStruct.Speed = GPIO_SPEED_FREQ_LOW;
 133              		.loc 1 94 2 view .LVU33
  95:Src/hdmi_driver.c **** 	GPIO_InitStruct.Alternate = GPIO_AF13_DCMI;
 134              		.loc 1 95 2 view .LVU34
ARM GAS  C:\Users\hungv\AppData\Local\Temp\cc67hy50.s 			page 5


 135              		.loc 1 95 28 is_stmt 0 view .LVU35
 136 0078 0D25     		movs	r5, #13
 137 007a 0995     		str	r5, [sp, #36]
  96:Src/hdmi_driver.c **** 	HAL_GPIO_Init(GPIOE, &GPIO_InitStruct);
 138              		.loc 1 96 2 is_stmt 1 view .LVU36
 139 007c 05A9     		add	r1, sp, #20
 140 007e 1348     		ldr	r0, .L3+4
 141 0080 FFF7FEFF 		bl	HAL_GPIO_Init
 142              	.LVL0:
  97:Src/hdmi_driver.c **** 
  98:Src/hdmi_driver.c **** 	GPIO_InitStruct.Pin = GPIO_PIN_4 | GPIO_PIN_6;
 143              		.loc 1 98 2 view .LVU37
 144              		.loc 1 98 22 is_stmt 0 view .LVU38
 145 0084 5023     		movs	r3, #80
 146 0086 0593     		str	r3, [sp, #20]
  99:Src/hdmi_driver.c **** 	GPIO_InitStruct.Mode = GPIO_MODE_AF_PP;
 147              		.loc 1 99 2 is_stmt 1 view .LVU39
 148              		.loc 1 99 23 is_stmt 0 view .LVU40
 149 0088 0696     		str	r6, [sp, #24]
 100:Src/hdmi_driver.c **** 	GPIO_InitStruct.Pull = GPIO_NOPULL;
 150              		.loc 1 100 2 is_stmt 1 view .LVU41
 151              		.loc 1 100 23 is_stmt 0 view .LVU42
 152 008a 0794     		str	r4, [sp, #28]
 101:Src/hdmi_driver.c **** 	GPIO_InitStruct.Speed = GPIO_SPEED_FREQ_LOW;
 153              		.loc 1 101 2 is_stmt 1 view .LVU43
 154              		.loc 1 101 24 is_stmt 0 view .LVU44
 155 008c 0894     		str	r4, [sp, #32]
 102:Src/hdmi_driver.c **** 	GPIO_InitStruct.Alternate = GPIO_AF13_DCMI;
 156              		.loc 1 102 2 is_stmt 1 view .LVU45
 157              		.loc 1 102 28 is_stmt 0 view .LVU46
 158 008e 0995     		str	r5, [sp, #36]
 103:Src/hdmi_driver.c **** 	HAL_GPIO_Init(GPIOA, &GPIO_InitStruct);
 159              		.loc 1 103 2 is_stmt 1 view .LVU47
 160 0090 05A9     		add	r1, sp, #20
 161 0092 0F48     		ldr	r0, .L3+8
 162 0094 FFF7FEFF 		bl	HAL_GPIO_Init
 163              	.LVL1:
 104:Src/hdmi_driver.c **** 
 105:Src/hdmi_driver.c **** 	GPIO_InitStruct.Pin = GPIO_PIN_6 | GPIO_PIN_7 | GPIO_PIN_8 | GPIO_PIN_9;
 164              		.loc 1 105 2 view .LVU48
 165              		.loc 1 105 22 is_stmt 0 view .LVU49
 166 0098 4FF47073 		mov	r3, #960
 167 009c 0593     		str	r3, [sp, #20]
 106:Src/hdmi_driver.c **** 	GPIO_InitStruct.Mode = GPIO_MODE_AF_PP;
 168              		.loc 1 106 2 is_stmt 1 view .LVU50
 169              		.loc 1 106 23 is_stmt 0 view .LVU51
 170 009e 0696     		str	r6, [sp, #24]
 107:Src/hdmi_driver.c **** 	GPIO_InitStruct.Pull = GPIO_NOPULL;
 171              		.loc 1 107 2 is_stmt 1 view .LVU52
 172              		.loc 1 107 23 is_stmt 0 view .LVU53
 173 00a0 0794     		str	r4, [sp, #28]
 108:Src/hdmi_driver.c **** 	GPIO_InitStruct.Speed = GPIO_SPEED_FREQ_LOW;
 174              		.loc 1 108 2 is_stmt 1 view .LVU54
 175              		.loc 1 108 24 is_stmt 0 view .LVU55
 176 00a2 0894     		str	r4, [sp, #32]
 109:Src/hdmi_driver.c **** 	GPIO_InitStruct.Alternate = GPIO_AF13_DCMI;
 177              		.loc 1 109 2 is_stmt 1 view .LVU56
ARM GAS  C:\Users\hungv\AppData\Local\Temp\cc67hy50.s 			page 6


 178              		.loc 1 109 28 is_stmt 0 view .LVU57
 179 00a4 0995     		str	r5, [sp, #36]
 110:Src/hdmi_driver.c **** 	HAL_GPIO_Init(GPIOC, &GPIO_InitStruct);
 180              		.loc 1 110 2 is_stmt 1 view .LVU58
 181 00a6 05A9     		add	r1, sp, #20
 182 00a8 0A48     		ldr	r0, .L3+12
 183 00aa FFF7FEFF 		bl	HAL_GPIO_Init
 184              	.LVL2:
 111:Src/hdmi_driver.c **** 
 112:Src/hdmi_driver.c **** 	GPIO_InitStruct.Pin = GPIO_PIN_6 | GPIO_PIN_7;
 185              		.loc 1 112 2 view .LVU59
 186              		.loc 1 112 22 is_stmt 0 view .LVU60
 187 00ae C023     		movs	r3, #192
 188 00b0 0593     		str	r3, [sp, #20]
 113:Src/hdmi_driver.c **** 	GPIO_InitStruct.Mode = GPIO_MODE_AF_PP;
 189              		.loc 1 113 2 is_stmt 1 view .LVU61
 190              		.loc 1 113 23 is_stmt 0 view .LVU62
 191 00b2 0696     		str	r6, [sp, #24]
 114:Src/hdmi_driver.c **** 	GPIO_InitStruct.Pull = GPIO_NOPULL;
 192              		.loc 1 114 2 is_stmt 1 view .LVU63
 193              		.loc 1 114 23 is_stmt 0 view .LVU64
 194 00b4 0794     		str	r4, [sp, #28]
 115:Src/hdmi_driver.c **** 	GPIO_InitStruct.Speed = GPIO_SPEED_FREQ_LOW;
 195              		.loc 1 115 2 is_stmt 1 view .LVU65
 196              		.loc 1 115 24 is_stmt 0 view .LVU66
 197 00b6 0894     		str	r4, [sp, #32]
 116:Src/hdmi_driver.c **** 	GPIO_InitStruct.Alternate = GPIO_AF13_DCMI;
 198              		.loc 1 116 2 is_stmt 1 view .LVU67
 199              		.loc 1 116 28 is_stmt 0 view .LVU68
 200 00b8 0995     		str	r5, [sp, #36]
 117:Src/hdmi_driver.c **** 	HAL_GPIO_Init(GPIOB, &GPIO_InitStruct);
 201              		.loc 1 117 2 is_stmt 1 view .LVU69
 202 00ba 05A9     		add	r1, sp, #20
 203 00bc 0648     		ldr	r0, .L3+16
 204 00be FFF7FEFF 		bl	HAL_GPIO_Init
 205              	.LVL3:
 118:Src/hdmi_driver.c **** 
 119:Src/hdmi_driver.c **** }
 206              		.loc 1 119 1 is_stmt 0 view .LVU70
 207 00c2 0AB0     		add	sp, sp, #40
 208              	.LCFI2:
 209              		.cfi_def_cfa_offset 16
 210              		@ sp needed
 211 00c4 70BD     		pop	{r4, r5, r6, pc}
 212              	.L4:
 213 00c6 00BF     		.align	2
 214              	.L3:
 215 00c8 00380240 		.word	1073887232
 216 00cc 00100240 		.word	1073876992
 217 00d0 00000240 		.word	1073872896
 218 00d4 00080240 		.word	1073874944
 219 00d8 00040240 		.word	1073873920
 220              		.cfi_endproc
 221              	.LFE131:
 223              		.section	.text.BSP_CAMERA_Init,"ax",%progbits
 224              		.align	1
 225              		.global	BSP_CAMERA_Init
ARM GAS  C:\Users\hungv\AppData\Local\Temp\cc67hy50.s 			page 7


 226              		.syntax unified
 227              		.thumb
 228              		.thumb_func
 229              		.fpu fpv4-sp-d16
 231              	BSP_CAMERA_Init:
 232              	.LVL4:
 233              	.LFB130:
  27:Src/hdmi_driver.c ****   DCMI_HandleTypeDef *phdcmi;
 234              		.loc 1 27 1 is_stmt 1 view -0
 235              		.cfi_startproc
 236              		@ args = 0, pretend = 0, frame = 0
 237              		@ frame_needed = 0, uses_anonymous_args = 0
  27:Src/hdmi_driver.c ****   DCMI_HandleTypeDef *phdcmi;
 238              		.loc 1 27 1 is_stmt 0 view .LVU72
 239 0000 10B5     		push	{r4, lr}
 240              	.LCFI3:
 241              		.cfi_def_cfa_offset 8
 242              		.cfi_offset 4, -8
 243              		.cfi_offset 14, -4
 244 0002 0446     		mov	r4, r0
  28:Src/hdmi_driver.c **** 
 245              		.loc 1 28 3 is_stmt 1 view .LVU73
  30:Src/hdmi_driver.c **** 
 246              		.loc 1 30 3 view .LVU74
 247              	.LVL5:
  32:Src/hdmi_driver.c ****   	hdcmi.Init.SynchroMode = DCMI_SYNCHRO_HARDWARE;
 248              		.loc 1 32 3 view .LVU75
  32:Src/hdmi_driver.c ****   	hdcmi.Init.SynchroMode = DCMI_SYNCHRO_HARDWARE;
 249              		.loc 1 32 18 is_stmt 0 view .LVU76
 250 0004 1B48     		ldr	r0, .L15
 251              	.LVL6:
  32:Src/hdmi_driver.c ****   	hdcmi.Init.SynchroMode = DCMI_SYNCHRO_HARDWARE;
 252              		.loc 1 32 18 view .LVU77
 253 0006 1C4B     		ldr	r3, .L15+4
 254 0008 0360     		str	r3, [r0]
  33:Src/hdmi_driver.c ****   	hdcmi.Init.PCKPolarity = DCMI_PCKPOLARITY_FALLING;
 255              		.loc 1 33 4 is_stmt 1 view .LVU78
  33:Src/hdmi_driver.c ****   	hdcmi.Init.PCKPolarity = DCMI_PCKPOLARITY_FALLING;
 256              		.loc 1 33 27 is_stmt 0 view .LVU79
 257 000a 0023     		movs	r3, #0
 258 000c 4360     		str	r3, [r0, #4]
  34:Src/hdmi_driver.c ****   	hdcmi.Init.VSPolarity = DCMI_VSPOLARITY_LOW;
 259              		.loc 1 34 4 is_stmt 1 view .LVU80
  34:Src/hdmi_driver.c ****   	hdcmi.Init.VSPolarity = DCMI_VSPOLARITY_LOW;
 260              		.loc 1 34 27 is_stmt 0 view .LVU81
 261 000e 8360     		str	r3, [r0, #8]
  35:Src/hdmi_driver.c ****   	hdcmi.Init.HSPolarity = DCMI_HSPOLARITY_LOW;
 262              		.loc 1 35 4 is_stmt 1 view .LVU82
  35:Src/hdmi_driver.c ****   	hdcmi.Init.HSPolarity = DCMI_HSPOLARITY_LOW;
 263              		.loc 1 35 26 is_stmt 0 view .LVU83
 264 0010 C360     		str	r3, [r0, #12]
  36:Src/hdmi_driver.c ****   	hdcmi.Init.CaptureRate = DCMI_CR_ALL_FRAME;
 265              		.loc 1 36 4 is_stmt 1 view .LVU84
  36:Src/hdmi_driver.c ****   	hdcmi.Init.CaptureRate = DCMI_CR_ALL_FRAME;
 266              		.loc 1 36 26 is_stmt 0 view .LVU85
 267 0012 0361     		str	r3, [r0, #16]
  37:Src/hdmi_driver.c ****   	hdcmi.Init.ExtendedDataMode = DCMI_EXTEND_DATA_8B;
ARM GAS  C:\Users\hungv\AppData\Local\Temp\cc67hy50.s 			page 8


 268              		.loc 1 37 4 is_stmt 1 view .LVU86
  37:Src/hdmi_driver.c ****   	hdcmi.Init.ExtendedDataMode = DCMI_EXTEND_DATA_8B;
 269              		.loc 1 37 27 is_stmt 0 view .LVU87
 270 0014 4361     		str	r3, [r0, #20]
  38:Src/hdmi_driver.c ****   	hdcmi.Init.JPEGMode = DCMI_JPEG_DISABLE;
 271              		.loc 1 38 4 is_stmt 1 view .LVU88
  38:Src/hdmi_driver.c ****   	hdcmi.Init.JPEGMode = DCMI_JPEG_DISABLE;
 272              		.loc 1 38 32 is_stmt 0 view .LVU89
 273 0016 8361     		str	r3, [r0, #24]
  39:Src/hdmi_driver.c ****   	if (HAL_DCMI_Init(&hdcmi) != HAL_OK) {
 274              		.loc 1 39 4 is_stmt 1 view .LVU90
  39:Src/hdmi_driver.c ****   	if (HAL_DCMI_Init(&hdcmi) != HAL_OK) {
 275              		.loc 1 39 24 is_stmt 0 view .LVU91
 276 0018 0362     		str	r3, [r0, #32]
  40:Src/hdmi_driver.c ****   		Error_Handler();
 277              		.loc 1 40 4 is_stmt 1 view .LVU92
  40:Src/hdmi_driver.c ****   		Error_Handler();
 278              		.loc 1 40 8 is_stmt 0 view .LVU93
 279 001a FFF7FEFF 		bl	HAL_DCMI_Init
 280              	.LVL7:
  40:Src/hdmi_driver.c ****   		Error_Handler();
 281              		.loc 1 40 7 view .LVU94
 282 001e 78B9     		cbnz	r0, .L12
 283              	.L6:
  44:Src/hdmi_driver.c **** 
 284              		.loc 1 44 3 is_stmt 1 view .LVU95
 285 0020 FFF7FEFF 		bl	BSP_IO_Init
 286              	.LVL8:
  47:Src/hdmi_driver.c ****   BSP_IO_WritePin(GPIO_PIN_0, SET);
 287              		.loc 1 47 3 view .LVU96
 288 0024 0121     		movs	r1, #1
 289 0026 0846     		mov	r0, r1
 290 0028 FFF7FEFF 		bl	BSP_IO_ConfigPin
 291              	.LVL9:
  48:Src/hdmi_driver.c **** 
 292              		.loc 1 48 3 view .LVU97
 293 002c 0121     		movs	r1, #1
 294 002e 0846     		mov	r0, r1
 295 0030 FFF7FEFF 		bl	BSP_IO_WritePin
 296              	.LVL10:
  51:Src/hdmi_driver.c ****   {
 297              		.loc 1 51 3 view .LVU98
  51:Src/hdmi_driver.c ****   {
 298              		.loc 1 51 6 is_stmt 0 view .LVU99
 299 0034 0820     		movs	r0, #8
 300 0036 FFF7FEFF 		bl	BSP_IO_ReadPin
 301              	.LVL11:
  51:Src/hdmi_driver.c ****   {
 302              		.loc 1 51 5 view .LVU100
 303 003a 20B1     		cbz	r0, .L13
  53:Src/hdmi_driver.c ****   }
 304              		.loc 1 53 12 view .LVU101
 305 003c 0120     		movs	r0, #1
 306              	.LVL12:
 307              	.L7:
  75:Src/hdmi_driver.c **** void BSP_CAMERA_MsInit(void) {
 308              		.loc 1 75 1 view .LVU102
ARM GAS  C:\Users\hungv\AppData\Local\Temp\cc67hy50.s 			page 9


 309 003e 10BD     		pop	{r4, pc}
 310              	.LVL13:
 311              	.L12:
 312              	.LBB7:
  41:Src/hdmi_driver.c ****   	}
 313              		.loc 1 41 5 is_stmt 1 view .LVU103
 314 0040 FFF7FEFF 		bl	Error_Handler
 315              	.LVL14:
 316 0044 ECE7     		b	.L6
 317              	.L13:
 318              	.LBE7:
  57:Src/hdmi_driver.c ****   HAL_DCMI_Init(phdcmi);
 319              		.loc 1 57 3 view .LVU104
 320 0046 FFF7FEFF 		bl	BSP_CAMERA_MsInit
 321              	.LVL15:
  58:Src/hdmi_driver.c **** 
 322              		.loc 1 58 3 view .LVU105
 323 004a 0020     		movs	r0, #0
 324 004c FFF7FEFF 		bl	HAL_DCMI_Init
 325              	.LVL16:
  60:Src/hdmi_driver.c ****   {
 326              		.loc 1 60 3 view .LVU106
  60:Src/hdmi_driver.c ****   {
 327              		.loc 1 60 6 is_stmt 0 view .LVU107
 328 0050 6020     		movs	r0, #96
 329 0052 FFF7FEFF 		bl	ov2640_ReadID
 330              	.LVL17:
  60:Src/hdmi_driver.c ****   {
 331              		.loc 1 60 5 view .LVU108
 332 0056 2628     		cmp	r0, #38
 333 0058 03D0     		beq	.L14
  30:Src/hdmi_driver.c **** 
 334              		.loc 1 30 11 view .LVU109
 335 005a 0120     		movs	r0, #1
 336              	.LVL18:
 337              	.L8:
  72:Src/hdmi_driver.c **** 
 338              		.loc 1 72 3 is_stmt 1 view .LVU110
  72:Src/hdmi_driver.c **** 
 339              		.loc 1 72 22 is_stmt 0 view .LVU111
 340 005c 074B     		ldr	r3, .L15+8
 341 005e 1C60     		str	r4, [r3]
  74:Src/hdmi_driver.c **** }
 342              		.loc 1 74 3 is_stmt 1 view .LVU112
  74:Src/hdmi_driver.c **** }
 343              		.loc 1 74 10 is_stmt 0 view .LVU113
 344 0060 EDE7     		b	.L7
 345              	.LVL19:
 346              	.L14:
  63:Src/hdmi_driver.c **** 
 347              		.loc 1 63 5 is_stmt 1 view .LVU114
  63:Src/hdmi_driver.c **** 
 348              		.loc 1 63 12 is_stmt 0 view .LVU115
 349 0062 074B     		ldr	r3, .L15+12
 350 0064 074A     		ldr	r2, .L15+16
 351 0066 1360     		str	r3, [r2]
  66:Src/hdmi_driver.c **** 
ARM GAS  C:\Users\hungv\AppData\Local\Temp\cc67hy50.s 			page 10


 352              		.loc 1 66 5 is_stmt 1 view .LVU116
  66:Src/hdmi_driver.c **** 
 353              		.loc 1 66 11 is_stmt 0 view .LVU117
 354 0068 1B68     		ldr	r3, [r3]
  66:Src/hdmi_driver.c **** 
 355              		.loc 1 66 5 view .LVU118
 356 006a 2146     		mov	r1, r4
 357 006c 6020     		movs	r0, #96
 358 006e 9847     		blx	r3
 359              	.LVL20:
  69:Src/hdmi_driver.c ****   }
 360              		.loc 1 69 5 is_stmt 1 view .LVU119
  69:Src/hdmi_driver.c ****   }
 361              		.loc 1 69 9 is_stmt 0 view .LVU120
 362 0070 0020     		movs	r0, #0
 363 0072 F3E7     		b	.L8
 364              	.L16:
 365              		.align	2
 366              	.L15:
 367 0074 00000000 		.word	hdcmi
 368 0078 00000550 		.word	1342504960
 369 007c 00000000 		.word	current_resolution
 370 0080 00000000 		.word	ov2640_drv
 371 0084 00000000 		.word	camera
 372              		.cfi_endproc
 373              	.LFE130:
 375              		.section	.text.BSP_CAMERA_ContinuousStart,"ax",%progbits
 376              		.align	1
 377              		.global	BSP_CAMERA_ContinuousStart
 378              		.syntax unified
 379              		.thumb
 380              		.thumb_func
 381              		.fpu fpv4-sp-d16
 383              	BSP_CAMERA_ContinuousStart:
 384              	.LVL21:
 385              	.LFB132:
 120:Src/hdmi_driver.c **** 
 121:Src/hdmi_driver.c **** /**
 122:Src/hdmi_driver.c ****  * @brief  Starts the camera capture in continuous mode.
 123:Src/hdmi_driver.c ****  * @param  buff: pointer to the camera output buffer
 124:Src/hdmi_driver.c ****  */
 125:Src/hdmi_driver.c **** void BSP_CAMERA_ContinuousStart(uint8_t *buff) {
 386              		.loc 1 125 48 is_stmt 1 view -0
 387              		.cfi_startproc
 388              		@ args = 0, pretend = 0, frame = 0
 389              		@ frame_needed = 0, uses_anonymous_args = 0
 390              		.loc 1 125 48 is_stmt 0 view .LVU122
 391 0000 10B5     		push	{r4, lr}
 392              	.LCFI4:
 393              		.cfi_def_cfa_offset 8
 394              		.cfi_offset 4, -8
 395              		.cfi_offset 14, -4
 396 0002 0446     		mov	r4, r0
 126:Src/hdmi_driver.c **** 	/* Start the camera capture */
 127:Src/hdmi_driver.c **** 	HAL_DCMI_Start_DMA(&hdcmi, DCMI_MODE_CONTINUOUS, (uint32_t) buff,
 397              		.loc 1 127 2 is_stmt 1 view .LVU123
 398 0004 054B     		ldr	r3, .L19
ARM GAS  C:\Users\hungv\AppData\Local\Temp\cc67hy50.s 			page 11


 399 0006 1868     		ldr	r0, [r3]
 400              	.LVL22:
 401              		.loc 1 127 2 is_stmt 0 view .LVU124
 402 0008 FFF7FEFF 		bl	GetSize
 403              	.LVL23:
 404 000c 0346     		mov	r3, r0
 405 000e 2246     		mov	r2, r4
 406 0010 0021     		movs	r1, #0
 407 0012 0348     		ldr	r0, .L19+4
 408 0014 FFF7FEFF 		bl	HAL_DCMI_Start_DMA
 409              	.LVL24:
 128:Src/hdmi_driver.c **** 			GetSize(current_resolution));
 129:Src/hdmi_driver.c **** }
 410              		.loc 1 129 1 view .LVU125
 411 0018 10BD     		pop	{r4, pc}
 412              	.LVL25:
 413              	.L20:
 414              		.loc 1 129 1 view .LVU126
 415 001a 00BF     		.align	2
 416              	.L19:
 417 001c 00000000 		.word	current_resolution
 418 0020 00000000 		.word	hdcmi
 419              		.cfi_endproc
 420              	.LFE132:
 422              		.section	.text.BSP_CAMERA_SnapshotStart,"ax",%progbits
 423              		.align	1
 424              		.global	BSP_CAMERA_SnapshotStart
 425              		.syntax unified
 426              		.thumb
 427              		.thumb_func
 428              		.fpu fpv4-sp-d16
 430              	BSP_CAMERA_SnapshotStart:
 431              	.LVL26:
 432              	.LFB133:
 130:Src/hdmi_driver.c **** 
 131:Src/hdmi_driver.c **** /**
 132:Src/hdmi_driver.c ****  * @brief  Starts the camera capture in snapshot mode.
 133:Src/hdmi_driver.c ****  * @param  buff: pointer to the camera output buffer
 134:Src/hdmi_driver.c ****  */
 135:Src/hdmi_driver.c **** void BSP_CAMERA_SnapshotStart(uint8_t *buff) {
 433              		.loc 1 135 46 is_stmt 1 view -0
 434              		.cfi_startproc
 435              		@ args = 0, pretend = 0, frame = 0
 436              		@ frame_needed = 0, uses_anonymous_args = 0
 437              		.loc 1 135 46 is_stmt 0 view .LVU128
 438 0000 10B5     		push	{r4, lr}
 439              	.LCFI5:
 440              		.cfi_def_cfa_offset 8
 441              		.cfi_offset 4, -8
 442              		.cfi_offset 14, -4
 443 0002 0446     		mov	r4, r0
 136:Src/hdmi_driver.c **** 	/* Start the camera capture */
 137:Src/hdmi_driver.c **** 	HAL_DCMI_Start_DMA(&hdcmi, DCMI_MODE_SNAPSHOT, (uint32_t) buff,
 444              		.loc 1 137 2 is_stmt 1 view .LVU129
 445 0004 054B     		ldr	r3, .L23
 446 0006 1868     		ldr	r0, [r3]
 447              	.LVL27:
ARM GAS  C:\Users\hungv\AppData\Local\Temp\cc67hy50.s 			page 12


 448              		.loc 1 137 2 is_stmt 0 view .LVU130
 449 0008 FFF7FEFF 		bl	GetSize
 450              	.LVL28:
 451 000c 0346     		mov	r3, r0
 452 000e 2246     		mov	r2, r4
 453 0010 0221     		movs	r1, #2
 454 0012 0348     		ldr	r0, .L23+4
 455 0014 FFF7FEFF 		bl	HAL_DCMI_Start_DMA
 456              	.LVL29:
 138:Src/hdmi_driver.c **** 			GetSize(current_resolution));
 139:Src/hdmi_driver.c **** }
 457              		.loc 1 139 1 view .LVU131
 458 0018 10BD     		pop	{r4, pc}
 459              	.LVL30:
 460              	.L24:
 461              		.loc 1 139 1 view .LVU132
 462 001a 00BF     		.align	2
 463              	.L23:
 464 001c 00000000 		.word	current_resolution
 465 0020 00000000 		.word	hdcmi
 466              		.cfi_endproc
 467              	.LFE133:
 469              		.section	.text.BSP_CAMERA_Suspend,"ax",%progbits
 470              		.align	1
 471              		.global	BSP_CAMERA_Suspend
 472              		.syntax unified
 473              		.thumb
 474              		.thumb_func
 475              		.fpu fpv4-sp-d16
 477              	BSP_CAMERA_Suspend:
 478              	.LFB134:
 140:Src/hdmi_driver.c **** 
 141:Src/hdmi_driver.c **** /**
 142:Src/hdmi_driver.c ****  * @brief Suspend the CAMERA capture
 143:Src/hdmi_driver.c ****  */
 144:Src/hdmi_driver.c **** void BSP_CAMERA_Suspend(void) {
 479              		.loc 1 144 31 is_stmt 1 view -0
 480              		.cfi_startproc
 481              		@ args = 0, pretend = 0, frame = 0
 482              		@ frame_needed = 0, uses_anonymous_args = 0
 483 0000 08B5     		push	{r3, lr}
 484              	.LCFI6:
 485              		.cfi_def_cfa_offset 8
 486              		.cfi_offset 3, -8
 487              		.cfi_offset 14, -4
 145:Src/hdmi_driver.c **** 	/* Suspend the Camera Capture */
 146:Src/hdmi_driver.c **** 	HAL_DCMI_Suspend(&hdcmi);
 488              		.loc 1 146 2 view .LVU134
 489 0002 0248     		ldr	r0, .L27
 490 0004 FFF7FEFF 		bl	HAL_DCMI_Suspend
 491              	.LVL31:
 147:Src/hdmi_driver.c **** }
 492              		.loc 1 147 1 is_stmt 0 view .LVU135
 493 0008 08BD     		pop	{r3, pc}
 494              	.L28:
 495 000a 00BF     		.align	2
 496              	.L27:
ARM GAS  C:\Users\hungv\AppData\Local\Temp\cc67hy50.s 			page 13


 497 000c 00000000 		.word	hdcmi
 498              		.cfi_endproc
 499              	.LFE134:
 501              		.section	.text.BSP_CAMERA_Resume,"ax",%progbits
 502              		.align	1
 503              		.global	BSP_CAMERA_Resume
 504              		.syntax unified
 505              		.thumb
 506              		.thumb_func
 507              		.fpu fpv4-sp-d16
 509              	BSP_CAMERA_Resume:
 510              	.LFB135:
 148:Src/hdmi_driver.c **** 
 149:Src/hdmi_driver.c **** /**
 150:Src/hdmi_driver.c ****  * @brief Resume the CAMERA capture
 151:Src/hdmi_driver.c ****  */
 152:Src/hdmi_driver.c **** void BSP_CAMERA_Resume(void) {
 511              		.loc 1 152 30 is_stmt 1 view -0
 512              		.cfi_startproc
 513              		@ args = 0, pretend = 0, frame = 0
 514              		@ frame_needed = 0, uses_anonymous_args = 0
 515 0000 08B5     		push	{r3, lr}
 516              	.LCFI7:
 517              		.cfi_def_cfa_offset 8
 518              		.cfi_offset 3, -8
 519              		.cfi_offset 14, -4
 153:Src/hdmi_driver.c **** 	/* Start the Camera Capture */
 154:Src/hdmi_driver.c **** 	HAL_DCMI_Resume(&hdcmi);
 520              		.loc 1 154 2 view .LVU137
 521 0002 0248     		ldr	r0, .L31
 522 0004 FFF7FEFF 		bl	HAL_DCMI_Resume
 523              	.LVL32:
 155:Src/hdmi_driver.c **** }
 524              		.loc 1 155 1 is_stmt 0 view .LVU138
 525 0008 08BD     		pop	{r3, pc}
 526              	.L32:
 527 000a 00BF     		.align	2
 528              	.L31:
 529 000c 00000000 		.word	hdcmi
 530              		.cfi_endproc
 531              	.LFE135:
 533              		.section	.text.BSP_CAMERA_Stop,"ax",%progbits
 534              		.align	1
 535              		.global	BSP_CAMERA_Stop
 536              		.syntax unified
 537              		.thumb
 538              		.thumb_func
 539              		.fpu fpv4-sp-d16
 541              	BSP_CAMERA_Stop:
 542              	.LFB136:
 156:Src/hdmi_driver.c **** 
 157:Src/hdmi_driver.c **** /**
 158:Src/hdmi_driver.c ****  * @brief  Stop the CAMERA capture
 159:Src/hdmi_driver.c ****  * @retval Camera status
 160:Src/hdmi_driver.c ****  */
 161:Src/hdmi_driver.c **** uint8_t BSP_CAMERA_Stop(void) {
 543              		.loc 1 161 31 is_stmt 1 view -0
ARM GAS  C:\Users\hungv\AppData\Local\Temp\cc67hy50.s 			page 14


 544              		.cfi_startproc
 545              		@ args = 0, pretend = 0, frame = 0
 546              		@ frame_needed = 0, uses_anonymous_args = 0
 547 0000 10B5     		push	{r4, lr}
 548              	.LCFI8:
 549              		.cfi_def_cfa_offset 8
 550              		.cfi_offset 4, -8
 551              		.cfi_offset 14, -4
 162:Src/hdmi_driver.c **** 	DCMI_HandleTypeDef *phdcmi;
 552              		.loc 1 162 2 view .LVU140
 163:Src/hdmi_driver.c **** 
 164:Src/hdmi_driver.c **** 	uint8_t ret = CAMERA_ERROR;
 553              		.loc 1 164 2 view .LVU141
 554              	.LVL33:
 165:Src/hdmi_driver.c **** 
 166:Src/hdmi_driver.c **** 	/* Get the DCMI handle structure */
 167:Src/hdmi_driver.c **** 	phdcmi = &hdcmi;
 555              		.loc 1 167 2 view .LVU142
 168:Src/hdmi_driver.c **** 
 169:Src/hdmi_driver.c **** 	if (HAL_DCMI_Stop(phdcmi) == HAL_OK) {
 556              		.loc 1 169 2 view .LVU143
 557              		.loc 1 169 6 is_stmt 0 view .LVU144
 558 0002 0948     		ldr	r0, .L37
 559 0004 FFF7FEFF 		bl	HAL_DCMI_Stop
 560              	.LVL34:
 561              		.loc 1 169 5 view .LVU145
 562 0008 60B1     		cbz	r0, .L35
 164:Src/hdmi_driver.c **** 
 563              		.loc 1 164 10 view .LVU146
 564 000a 0124     		movs	r4, #1
 565              	.L34:
 566              	.LVL35:
 170:Src/hdmi_driver.c **** 		ret = CAMERA_OK;
 171:Src/hdmi_driver.c **** 	}
 172:Src/hdmi_driver.c **** 
 173:Src/hdmi_driver.c **** 	/* Initialize IO */
 174:Src/hdmi_driver.c **** 	BSP_IO_Init();
 567              		.loc 1 174 2 is_stmt 1 view .LVU147
 568 000c FFF7FEFF 		bl	BSP_IO_Init
 569              	.LVL36:
 175:Src/hdmi_driver.c **** 
 176:Src/hdmi_driver.c **** 	/* Reset the camera STANDBY pin */
 177:Src/hdmi_driver.c **** 	BSP_IO_ConfigPin(0x0001, IO_MODE_OUTPUT);
 570              		.loc 1 177 2 view .LVU148
 571 0010 0121     		movs	r1, #1
 572 0012 0846     		mov	r0, r1
 573 0014 FFF7FEFF 		bl	BSP_IO_ConfigPin
 574              	.LVL37:
 178:Src/hdmi_driver.c **** 	BSP_IO_WritePin(0x0001, RESET);
 575              		.loc 1 178 2 view .LVU149
 576 0018 0021     		movs	r1, #0
 577 001a 0120     		movs	r0, #1
 578 001c FFF7FEFF 		bl	BSP_IO_WritePin
 579              	.LVL38:
 179:Src/hdmi_driver.c **** 
 180:Src/hdmi_driver.c **** 	return ret;
 580              		.loc 1 180 2 view .LVU150
ARM GAS  C:\Users\hungv\AppData\Local\Temp\cc67hy50.s 			page 15


 181:Src/hdmi_driver.c **** }
 581              		.loc 1 181 1 is_stmt 0 view .LVU151
 582 0020 2046     		mov	r0, r4
 583 0022 10BD     		pop	{r4, pc}
 584              	.LVL39:
 585              	.L35:
 170:Src/hdmi_driver.c **** 	}
 586              		.loc 1 170 7 view .LVU152
 587 0024 0024     		movs	r4, #0
 588 0026 F1E7     		b	.L34
 589              	.L38:
 590              		.align	2
 591              	.L37:
 592 0028 00000000 		.word	hdcmi
 593              		.cfi_endproc
 594              	.LFE136:
 596              		.comm	current_resolution,4,4
 597              		.comm	camera,4,4
 598              		.comm	hdcmi,64,4
 599              		.text
 600              	.Letext0:
 601              		.file 2 "c:\\users\\hungv\\appdata\\roaming\\xpacks\\@gnu-mcu-eclipse\\arm-none-eabi-gcc\\8.2.1-1.
 602              		.file 3 "c:\\users\\hungv\\appdata\\roaming\\xpacks\\@gnu-mcu-eclipse\\arm-none-eabi-gcc\\8.2.1-1.
 603              		.file 4 "Drivers/CMSIS/Include/core_cm4.h"
 604              		.file 5 "Drivers/CMSIS/Device/ST/STM32F4xx/Include/system_stm32f4xx.h"
 605              		.file 6 "Drivers/CMSIS/Device/ST/STM32F4xx/Include/stm32f407xx.h"
 606              		.file 7 "Drivers/CMSIS/Device/ST/STM32F4xx/Include/stm32f4xx.h"
 607              		.file 8 "Drivers/STM32F4xx_HAL_Driver/Inc/stm32f4xx_hal_def.h"
 608              		.file 9 "Drivers/STM32F4xx_HAL_Driver/Inc/stm32f4xx_hal_gpio.h"
 609              		.file 10 "Drivers/STM32F4xx_HAL_Driver/Inc/stm32f4xx_hal_dma.h"
 610              		.file 11 "Drivers/STM32F4xx_HAL_Driver/Inc/stm32f4xx_hal_dcmi_ex.h"
 611              		.file 12 "Drivers/STM32F4xx_HAL_Driver/Inc/stm32f4xx_hal_dcmi.h"
 612              		.file 13 "Inc/hdmi_driver.h"
 613              		.file 14 "Inc/camera.h"
 614              		.file 15 "Inc/io.h"
 615              		.file 16 "Inc/ov2640.h"
 616              		.file 17 "Inc/io_pin_driver.h"
ARM GAS  C:\Users\hungv\AppData\Local\Temp\cc67hy50.s 			page 16


DEFINED SYMBOLS
                            *ABS*:0000000000000000 hdmi_driver.c
C:\Users\hungv\AppData\Local\Temp\cc67hy50.s:18     .text.BSP_CAMERA_MsInit:0000000000000000 $t
C:\Users\hungv\AppData\Local\Temp\cc67hy50.s:26     .text.BSP_CAMERA_MsInit:0000000000000000 BSP_CAMERA_MsInit
C:\Users\hungv\AppData\Local\Temp\cc67hy50.s:215    .text.BSP_CAMERA_MsInit:00000000000000c8 $d
C:\Users\hungv\AppData\Local\Temp\cc67hy50.s:224    .text.BSP_CAMERA_Init:0000000000000000 $t
C:\Users\hungv\AppData\Local\Temp\cc67hy50.s:231    .text.BSP_CAMERA_Init:0000000000000000 BSP_CAMERA_Init
C:\Users\hungv\AppData\Local\Temp\cc67hy50.s:367    .text.BSP_CAMERA_Init:0000000000000074 $d
                            *COM*:0000000000000040 hdcmi
                            *COM*:0000000000000004 current_resolution
                            *COM*:0000000000000004 camera
C:\Users\hungv\AppData\Local\Temp\cc67hy50.s:376    .text.BSP_CAMERA_ContinuousStart:0000000000000000 $t
C:\Users\hungv\AppData\Local\Temp\cc67hy50.s:383    .text.BSP_CAMERA_ContinuousStart:0000000000000000 BSP_CAMERA_ContinuousStart
C:\Users\hungv\AppData\Local\Temp\cc67hy50.s:417    .text.BSP_CAMERA_ContinuousStart:000000000000001c $d
C:\Users\hungv\AppData\Local\Temp\cc67hy50.s:423    .text.BSP_CAMERA_SnapshotStart:0000000000000000 $t
C:\Users\hungv\AppData\Local\Temp\cc67hy50.s:430    .text.BSP_CAMERA_SnapshotStart:0000000000000000 BSP_CAMERA_SnapshotStart
C:\Users\hungv\AppData\Local\Temp\cc67hy50.s:464    .text.BSP_CAMERA_SnapshotStart:000000000000001c $d
C:\Users\hungv\AppData\Local\Temp\cc67hy50.s:470    .text.BSP_CAMERA_Suspend:0000000000000000 $t
C:\Users\hungv\AppData\Local\Temp\cc67hy50.s:477    .text.BSP_CAMERA_Suspend:0000000000000000 BSP_CAMERA_Suspend
C:\Users\hungv\AppData\Local\Temp\cc67hy50.s:497    .text.BSP_CAMERA_Suspend:000000000000000c $d
C:\Users\hungv\AppData\Local\Temp\cc67hy50.s:502    .text.BSP_CAMERA_Resume:0000000000000000 $t
C:\Users\hungv\AppData\Local\Temp\cc67hy50.s:509    .text.BSP_CAMERA_Resume:0000000000000000 BSP_CAMERA_Resume
C:\Users\hungv\AppData\Local\Temp\cc67hy50.s:529    .text.BSP_CAMERA_Resume:000000000000000c $d
C:\Users\hungv\AppData\Local\Temp\cc67hy50.s:534    .text.BSP_CAMERA_Stop:0000000000000000 $t
C:\Users\hungv\AppData\Local\Temp\cc67hy50.s:541    .text.BSP_CAMERA_Stop:0000000000000000 BSP_CAMERA_Stop
C:\Users\hungv\AppData\Local\Temp\cc67hy50.s:592    .text.BSP_CAMERA_Stop:0000000000000028 $d

UNDEFINED SYMBOLS
HAL_GPIO_Init
HAL_DCMI_Init
BSP_IO_Init
BSP_IO_ConfigPin
BSP_IO_WritePin
BSP_IO_ReadPin
Error_Handler
ov2640_ReadID
ov2640_drv
GetSize
HAL_DCMI_Start_DMA
HAL_DCMI_Suspend
HAL_DCMI_Resume
HAL_DCMI_Stop
