ARM GAS  C:\Users\hungv\AppData\Local\Temp\ccKXQRWr.s 			page 1


   1              		.cpu cortex-m4
   2              		.eabi_attribute 27, 1
   3              		.eabi_attribute 28, 1
   4              		.eabi_attribute 20, 1
   5              		.eabi_attribute 21, 1
   6              		.eabi_attribute 23, 3
   7              		.eabi_attribute 24, 1
   8              		.eabi_attribute 25, 1
   9              		.eabi_attribute 26, 1
  10              		.eabi_attribute 30, 1
  11              		.eabi_attribute 34, 1
  12              		.eabi_attribute 18, 4
  13              		.file	"io_pin_driver.c"
  14              		.text
  15              	.Ltext0:
  16              		.cfi_sections	.debug_frame
  17              		.section	.text.BSP_IO_Init,"ax",%progbits
  18              		.align	1
  19              		.global	BSP_IO_Init
  20              		.arch armv7e-m
  21              		.syntax unified
  22              		.thumb
  23              		.thumb_func
  24              		.fpu fpv4-sp-d16
  26              	BSP_IO_Init:
  27              	.LFB130:
  28              		.file 1 "Src/io_pin_driver.c"
   1:Src/io_pin_driver.c **** /*
   2:Src/io_pin_driver.c ****  * io_pin_driver.c
   3:Src/io_pin_driver.c ****  *
   4:Src/io_pin_driver.c ****  *  Created on: 01.08.2019
   5:Src/io_pin_driver.c ****  *      Author: hungv
   6:Src/io_pin_driver.c ****  */
   7:Src/io_pin_driver.c **** 
   8:Src/io_pin_driver.c **** #include "io_pin_driver.h"
   9:Src/io_pin_driver.c **** #include "stm32f4xx_hal.h"
  10:Src/io_pin_driver.c **** #include "stmpe1600.h"
  11:Src/io_pin_driver.c **** #include "io.h"
  12:Src/io_pin_driver.c **** 
  13:Src/io_pin_driver.c **** #define IO_I2C_ADDRESS                   0x84
  14:Src/io_pin_driver.c **** 
  15:Src/io_pin_driver.c **** IO_DrvTypeDef *io_driver;
  16:Src/io_pin_driver.c **** 
  17:Src/io_pin_driver.c **** 
  18:Src/io_pin_driver.c **** /**
  19:Src/io_pin_driver.c ****   * @brief  Initializes and configures the IO functionalities and configures all
  20:Src/io_pin_driver.c ****   *         necessary hardware resources (GPIOs, clocks..).
  21:Src/io_pin_driver.c ****   * @note   BSP_IO_Init() is using HAL_Delay() function to ensure that stmpe1600
  22:Src/io_pin_driver.c ****   *         IO Expander is correctly reset. HAL_Delay() function provides accurate
  23:Src/io_pin_driver.c ****   *         delay (in milliseconds) based on variable incremented in SysTick ISR.
  24:Src/io_pin_driver.c ****   *         This implies that if BSP_IO_Init() is called from a peripheral ISR process,
  25:Src/io_pin_driver.c ****   *         then the SysTick interrupt must have higher priority (numerically lower)
  26:Src/io_pin_driver.c ****   *         than the peripheral interrupt. Otherwise the caller ISR process will be blocked.
  27:Src/io_pin_driver.c ****   * @retval IO_OK if all initializations are OK. Other value if error.
  28:Src/io_pin_driver.c ****   */
  29:Src/io_pin_driver.c **** uint8_t BSP_IO_Init(void)
  30:Src/io_pin_driver.c **** {
ARM GAS  C:\Users\hungv\AppData\Local\Temp\ccKXQRWr.s 			page 2


  29              		.loc 1 30 1 view -0
  30              		.cfi_startproc
  31              		@ args = 0, pretend = 0, frame = 0
  32              		@ frame_needed = 0, uses_anonymous_args = 0
  33 0000 10B5     		push	{r4, lr}
  34              	.LCFI0:
  35              		.cfi_def_cfa_offset 8
  36              		.cfi_offset 4, -8
  37              		.cfi_offset 14, -4
  31:Src/io_pin_driver.c ****   uint8_t ret = 1; // IO_ERROR
  38              		.loc 1 31 3 view .LVU1
  39              	.LVL0:
  32:Src/io_pin_driver.c **** 
  33:Src/io_pin_driver.c ****   /* Read ID and verify the IO expander is ready */
  34:Src/io_pin_driver.c ****   if(stmpe1600_io_drv.ReadID(IO_I2C_ADDRESS) == STMPE1600_ID)
  40              		.loc 1 34 3 view .LVU2
  41              		.loc 1 34 22 is_stmt 0 view .LVU3
  42 0002 0B4B     		ldr	r3, .L6
  43 0004 5B68     		ldr	r3, [r3, #4]
  44              		.loc 1 34 6 view .LVU4
  45 0006 8420     		movs	r0, #132
  46 0008 9847     		blx	r3
  47              	.LVL1:
  48              		.loc 1 34 5 view .LVU5
  49 000a B0F5B05F 		cmp	r0, #5632
  50 000e 01D0     		beq	.L5
  31:Src/io_pin_driver.c ****   uint8_t ret = 1; // IO_ERROR
  51              		.loc 1 31 11 view .LVU6
  52 0010 0120     		movs	r0, #1
  53              	.LVL2:
  54              	.L2:
  35:Src/io_pin_driver.c ****   {
  36:Src/io_pin_driver.c ****     /* Initialize the IO driver structure */
  37:Src/io_pin_driver.c ****     io_driver = &stmpe1600_io_drv;
  38:Src/io_pin_driver.c ****     ret = 0; // IO_OK
  39:Src/io_pin_driver.c **** 
  40:Src/io_pin_driver.c ****   }
  41:Src/io_pin_driver.c **** 
  42:Src/io_pin_driver.c ****   if(ret == 0) // IO_OK
  43:Src/io_pin_driver.c ****   {
  44:Src/io_pin_driver.c ****     io_driver->Init(IO_I2C_ADDRESS);
  45:Src/io_pin_driver.c ****     io_driver->Start(IO_I2C_ADDRESS, IO_PIN_ALL);
  46:Src/io_pin_driver.c ****   }
  47:Src/io_pin_driver.c ****   return ret;
  55              		.loc 1 47 3 is_stmt 1 view .LVU7
  48:Src/io_pin_driver.c **** }
  56              		.loc 1 48 1 is_stmt 0 view .LVU8
  57 0012 10BD     		pop	{r4, pc}
  58              	.LVL3:
  59              	.L5:
  37:Src/io_pin_driver.c ****     ret = 0; // IO_OK
  60              		.loc 1 37 5 is_stmt 1 view .LVU9
  37:Src/io_pin_driver.c ****     ret = 0; // IO_OK
  61              		.loc 1 37 15 is_stmt 0 view .LVU10
  62 0014 074C     		ldr	r4, .L6+4
  63 0016 064B     		ldr	r3, .L6
  64 0018 2360     		str	r3, [r4]
ARM GAS  C:\Users\hungv\AppData\Local\Temp\ccKXQRWr.s 			page 3


  38:Src/io_pin_driver.c **** 
  65              		.loc 1 38 5 is_stmt 1 view .LVU11
  66              	.LVL4:
  42:Src/io_pin_driver.c ****   {
  67              		.loc 1 42 3 view .LVU12
  44:Src/io_pin_driver.c ****     io_driver->Start(IO_I2C_ADDRESS, IO_PIN_ALL);
  68              		.loc 1 44 5 view .LVU13
  44:Src/io_pin_driver.c ****     io_driver->Start(IO_I2C_ADDRESS, IO_PIN_ALL);
  69              		.loc 1 44 14 is_stmt 0 view .LVU14
  70 001a 1B68     		ldr	r3, [r3]
  44:Src/io_pin_driver.c ****     io_driver->Start(IO_I2C_ADDRESS, IO_PIN_ALL);
  71              		.loc 1 44 5 view .LVU15
  72 001c 8420     		movs	r0, #132
  73 001e 9847     		blx	r3
  74              	.LVL5:
  45:Src/io_pin_driver.c ****   }
  75              		.loc 1 45 5 is_stmt 1 view .LVU16
  45:Src/io_pin_driver.c ****   }
  76              		.loc 1 45 14 is_stmt 0 view .LVU17
  77 0020 2368     		ldr	r3, [r4]
  78 0022 DB68     		ldr	r3, [r3, #12]
  45:Src/io_pin_driver.c ****   }
  79              		.loc 1 45 5 view .LVU18
  80 0024 4FF6FF71 		movw	r1, #65535
  81 0028 8420     		movs	r0, #132
  82 002a 9847     		blx	r3
  83              	.LVL6:
  38:Src/io_pin_driver.c **** 
  84              		.loc 1 38 9 view .LVU19
  85 002c 0020     		movs	r0, #0
  86 002e F0E7     		b	.L2
  87              	.L7:
  88              		.align	2
  89              	.L6:
  90 0030 00000000 		.word	stmpe1600_io_drv
  91 0034 00000000 		.word	io_driver
  92              		.cfi_endproc
  93              	.LFE130:
  95              		.section	.text.BSP_IO_ITGetStatus,"ax",%progbits
  96              		.align	1
  97              		.global	BSP_IO_ITGetStatus
  98              		.syntax unified
  99              		.thumb
 100              		.thumb_func
 101              		.fpu fpv4-sp-d16
 103              	BSP_IO_ITGetStatus:
 104              	.LVL7:
 105              	.LFB131:
  49:Src/io_pin_driver.c **** 
  50:Src/io_pin_driver.c **** /**
  51:Src/io_pin_driver.c ****   * @brief  Gets the selected pins IT status.
  52:Src/io_pin_driver.c ****   * @param  IO_Pin: Selected pins to check the status.
  53:Src/io_pin_driver.c ****   *          This parameter can be any combination of the IO pins.
  54:Src/io_pin_driver.c ****   * @retval IO_OK if read status OK. Other value if error.
  55:Src/io_pin_driver.c ****   */
  56:Src/io_pin_driver.c **** uint8_t BSP_IO_ITGetStatus(uint16_t IO_Pin)
  57:Src/io_pin_driver.c **** {
ARM GAS  C:\Users\hungv\AppData\Local\Temp\ccKXQRWr.s 			page 4


 106              		.loc 1 57 1 is_stmt 1 view -0
 107              		.cfi_startproc
 108              		@ args = 0, pretend = 0, frame = 0
 109              		@ frame_needed = 0, uses_anonymous_args = 0
 110              		.loc 1 57 1 is_stmt 0 view .LVU21
 111 0000 08B5     		push	{r3, lr}
 112              	.LCFI1:
 113              		.cfi_def_cfa_offset 8
 114              		.cfi_offset 3, -8
 115              		.cfi_offset 14, -4
  58:Src/io_pin_driver.c ****   /* Return the IO Pin IT status */
  59:Src/io_pin_driver.c ****   return (io_driver->ITStatus(IO_I2C_ADDRESS, IO_Pin));
 116              		.loc 1 59 3 is_stmt 1 view .LVU22
 117              		.loc 1 59 20 is_stmt 0 view .LVU23
 118 0002 044B     		ldr	r3, .L10
 119 0004 1B68     		ldr	r3, [r3]
 120 0006 5B6A     		ldr	r3, [r3, #36]
 121              		.loc 1 59 11 view .LVU24
 122 0008 0146     		mov	r1, r0
 123 000a 8420     		movs	r0, #132
 124              	.LVL8:
 125              		.loc 1 59 11 view .LVU25
 126 000c 9847     		blx	r3
 127              	.LVL9:
  60:Src/io_pin_driver.c **** }
 128              		.loc 1 60 1 view .LVU26
 129 000e C0B2     		uxtb	r0, r0
 130 0010 08BD     		pop	{r3, pc}
 131              	.L11:
 132 0012 00BF     		.align	2
 133              	.L10:
 134 0014 00000000 		.word	io_driver
 135              		.cfi_endproc
 136              	.LFE131:
 138              		.section	.text.BSP_IO_ITClear,"ax",%progbits
 139              		.align	1
 140              		.global	BSP_IO_ITClear
 141              		.syntax unified
 142              		.thumb
 143              		.thumb_func
 144              		.fpu fpv4-sp-d16
 146              	BSP_IO_ITClear:
 147              	.LFB132:
  61:Src/io_pin_driver.c **** 
  62:Src/io_pin_driver.c **** /**
  63:Src/io_pin_driver.c ****   * @brief  Clears all the IO IT pending bits.
  64:Src/io_pin_driver.c ****   */
  65:Src/io_pin_driver.c **** void BSP_IO_ITClear(void)
  66:Src/io_pin_driver.c **** {
 148              		.loc 1 66 1 is_stmt 1 view -0
 149              		.cfi_startproc
 150              		@ args = 0, pretend = 0, frame = 0
 151              		@ frame_needed = 0, uses_anonymous_args = 0
 152 0000 08B5     		push	{r3, lr}
 153              	.LCFI2:
 154              		.cfi_def_cfa_offset 8
 155              		.cfi_offset 3, -8
ARM GAS  C:\Users\hungv\AppData\Local\Temp\ccKXQRWr.s 			page 5


 156              		.cfi_offset 14, -4
  67:Src/io_pin_driver.c ****   /* Clear all IO IT pending bits */
  68:Src/io_pin_driver.c ****   io_driver->ClearIT(IO_I2C_ADDRESS, STMPE1600_PIN_ALL);
 157              		.loc 1 68 3 view .LVU28
 158              		.loc 1 68 12 is_stmt 0 view .LVU29
 159 0002 044B     		ldr	r3, .L14
 160 0004 1B68     		ldr	r3, [r3]
 161 0006 9B6A     		ldr	r3, [r3, #40]
 162              		.loc 1 68 3 view .LVU30
 163 0008 4FF6FF71 		movw	r1, #65535
 164 000c 8420     		movs	r0, #132
 165 000e 9847     		blx	r3
 166              	.LVL10:
  69:Src/io_pin_driver.c **** }
 167              		.loc 1 69 1 view .LVU31
 168 0010 08BD     		pop	{r3, pc}
 169              	.L15:
 170 0012 00BF     		.align	2
 171              	.L14:
 172 0014 00000000 		.word	io_driver
 173              		.cfi_endproc
 174              	.LFE132:
 176              		.section	.text.BSP_IO_ConfigPin,"ax",%progbits
 177              		.align	1
 178              		.global	BSP_IO_ConfigPin
 179              		.syntax unified
 180              		.thumb
 181              		.thumb_func
 182              		.fpu fpv4-sp-d16
 184              	BSP_IO_ConfigPin:
 185              	.LVL11:
 186              	.LFB133:
  70:Src/io_pin_driver.c **** 
  71:Src/io_pin_driver.c **** /**
  72:Src/io_pin_driver.c ****   * @brief  Configures the IO pin(s) according to IO mode structure value.
  73:Src/io_pin_driver.c ****   * @param  IO_Pin: IO pin(s) to be configured.
  74:Src/io_pin_driver.c ****   *          This parameter can be one of the following values:
  75:Src/io_pin_driver.c ****   *            @arg  STMPE1600_PIN_x: where x can be from 0 to 15.
  76:Src/io_pin_driver.c ****   * @param  IO_Mode: IO pin mode to configure
  77:Src/io_pin_driver.c ****   *          This parameter can be one of the following values:
  78:Src/io_pin_driver.c ****   *            @arg  IO_MODE_INPUT
  79:Src/io_pin_driver.c ****   *            @arg  IO_MODE_OUTPUT
  80:Src/io_pin_driver.c ****   *            @arg  IO_MODE_IT_RISING_EDGE
  81:Src/io_pin_driver.c ****   *            @arg  IO_MODE_IT_FALLING_EDGE
  82:Src/io_pin_driver.c ****   * @retval IO_OK if all initializations are OK. Other value if error.
  83:Src/io_pin_driver.c ****   */
  84:Src/io_pin_driver.c **** uint8_t BSP_IO_ConfigPin(uint16_t IO_Pin, IO_ModeTypedef IO_Mode)
  85:Src/io_pin_driver.c **** {
 187              		.loc 1 85 1 is_stmt 1 view -0
 188              		.cfi_startproc
 189              		@ args = 0, pretend = 0, frame = 0
 190              		@ frame_needed = 0, uses_anonymous_args = 0
 191              		.loc 1 85 1 is_stmt 0 view .LVU33
 192 0000 08B5     		push	{r3, lr}
 193              	.LCFI3:
 194              		.cfi_def_cfa_offset 8
 195              		.cfi_offset 3, -8
ARM GAS  C:\Users\hungv\AppData\Local\Temp\ccKXQRWr.s 			page 6


 196              		.cfi_offset 14, -4
  86:Src/io_pin_driver.c ****   /* Configure the selected IO pin(s) mode */
  87:Src/io_pin_driver.c ****   io_driver->Config(IO_I2C_ADDRESS, (uint16_t )IO_Pin, IO_Mode);
 197              		.loc 1 87 3 is_stmt 1 view .LVU34
 198              		.loc 1 87 12 is_stmt 0 view .LVU35
 199 0002 044B     		ldr	r3, .L18
 200 0004 1B68     		ldr	r3, [r3]
 201 0006 1B69     		ldr	r3, [r3, #16]
 202              		.loc 1 87 3 view .LVU36
 203 0008 0A46     		mov	r2, r1
 204 000a 0146     		mov	r1, r0
 205              	.LVL12:
 206              		.loc 1 87 3 view .LVU37
 207 000c 8420     		movs	r0, #132
 208              	.LVL13:
 209              		.loc 1 87 3 view .LVU38
 210 000e 9847     		blx	r3
 211              	.LVL14:
  88:Src/io_pin_driver.c **** 
  89:Src/io_pin_driver.c ****   return 0;
 212              		.loc 1 89 3 is_stmt 1 view .LVU39
  90:Src/io_pin_driver.c **** }
 213              		.loc 1 90 1 is_stmt 0 view .LVU40
 214 0010 0020     		movs	r0, #0
 215 0012 08BD     		pop	{r3, pc}
 216              	.L19:
 217              		.align	2
 218              	.L18:
 219 0014 00000000 		.word	io_driver
 220              		.cfi_endproc
 221              	.LFE133:
 223              		.section	.text.BSP_IO_WritePin,"ax",%progbits
 224              		.align	1
 225              		.global	BSP_IO_WritePin
 226              		.syntax unified
 227              		.thumb
 228              		.thumb_func
 229              		.fpu fpv4-sp-d16
 231              	BSP_IO_WritePin:
 232              	.LVL15:
 233              	.LFB134:
  91:Src/io_pin_driver.c **** 
  92:Src/io_pin_driver.c **** /**
  93:Src/io_pin_driver.c ****   * @brief  Sets the selected pins state.
  94:Src/io_pin_driver.c ****   * @param  IO_Pin: Selected pins to write.
  95:Src/io_pin_driver.c ****   *          This parameter can be any combination of the IO pins.
  96:Src/io_pin_driver.c ****   * @param  PinState: New pins state to write
  97:Src/io_pin_driver.c ****   */
  98:Src/io_pin_driver.c **** void BSP_IO_WritePin(uint16_t IO_Pin, uint8_t PinState)
  99:Src/io_pin_driver.c **** {
 234              		.loc 1 99 1 is_stmt 1 view -0
 235              		.cfi_startproc
 236              		@ args = 0, pretend = 0, frame = 0
 237              		@ frame_needed = 0, uses_anonymous_args = 0
 238              		.loc 1 99 1 is_stmt 0 view .LVU42
 239 0000 08B5     		push	{r3, lr}
 240              	.LCFI4:
ARM GAS  C:\Users\hungv\AppData\Local\Temp\ccKXQRWr.s 			page 7


 241              		.cfi_def_cfa_offset 8
 242              		.cfi_offset 3, -8
 243              		.cfi_offset 14, -4
 100:Src/io_pin_driver.c ****   /* Set the Pin state */
 101:Src/io_pin_driver.c ****   io_driver->WritePin(IO_I2C_ADDRESS, IO_Pin, PinState);
 244              		.loc 1 101 3 is_stmt 1 view .LVU43
 245              		.loc 1 101 12 is_stmt 0 view .LVU44
 246 0002 044B     		ldr	r3, .L22
 247 0004 1B68     		ldr	r3, [r3]
 248 0006 5B69     		ldr	r3, [r3, #20]
 249              		.loc 1 101 3 view .LVU45
 250 0008 0A46     		mov	r2, r1
 251 000a 0146     		mov	r1, r0
 252              	.LVL16:
 253              		.loc 1 101 3 view .LVU46
 254 000c 8420     		movs	r0, #132
 255              	.LVL17:
 256              		.loc 1 101 3 view .LVU47
 257 000e 9847     		blx	r3
 258              	.LVL18:
 102:Src/io_pin_driver.c **** }
 259              		.loc 1 102 1 view .LVU48
 260 0010 08BD     		pop	{r3, pc}
 261              	.L23:
 262 0012 00BF     		.align	2
 263              	.L22:
 264 0014 00000000 		.word	io_driver
 265              		.cfi_endproc
 266              	.LFE134:
 268              		.section	.text.BSP_IO_ReadPin,"ax",%progbits
 269              		.align	1
 270              		.global	BSP_IO_ReadPin
 271              		.syntax unified
 272              		.thumb
 273              		.thumb_func
 274              		.fpu fpv4-sp-d16
 276              	BSP_IO_ReadPin:
 277              	.LVL19:
 278              	.LFB135:
 103:Src/io_pin_driver.c **** 
 104:Src/io_pin_driver.c **** /**
 105:Src/io_pin_driver.c ****   * @brief  Gets the selected pins current state.
 106:Src/io_pin_driver.c ****   * @param  IO_Pin: Selected pins to read.
 107:Src/io_pin_driver.c ****   *          This parameter can be any combination of the IO pins.
 108:Src/io_pin_driver.c ****   * @retval The current pins state
 109:Src/io_pin_driver.c ****   */
 110:Src/io_pin_driver.c **** uint16_t BSP_IO_ReadPin(uint16_t IO_Pin)
 111:Src/io_pin_driver.c **** {
 279              		.loc 1 111 1 is_stmt 1 view -0
 280              		.cfi_startproc
 281              		@ args = 0, pretend = 0, frame = 0
 282              		@ frame_needed = 0, uses_anonymous_args = 0
 283              		.loc 1 111 1 is_stmt 0 view .LVU50
 284 0000 08B5     		push	{r3, lr}
 285              	.LCFI5:
 286              		.cfi_def_cfa_offset 8
 287              		.cfi_offset 3, -8
ARM GAS  C:\Users\hungv\AppData\Local\Temp\ccKXQRWr.s 			page 8


 288              		.cfi_offset 14, -4
 112:Src/io_pin_driver.c ****  return(io_driver->ReadPin(IO_I2C_ADDRESS, IO_Pin));
 289              		.loc 1 112 2 is_stmt 1 view .LVU51
 290              		.loc 1 112 18 is_stmt 0 view .LVU52
 291 0002 044B     		ldr	r3, .L26
 292 0004 1B68     		ldr	r3, [r3]
 293 0006 9B69     		ldr	r3, [r3, #24]
 294              		.loc 1 112 9 view .LVU53
 295 0008 0146     		mov	r1, r0
 296 000a 8420     		movs	r0, #132
 297              	.LVL20:
 298              		.loc 1 112 9 view .LVU54
 299 000c 9847     		blx	r3
 300              	.LVL21:
 113:Src/io_pin_driver.c **** }
 301              		.loc 1 113 1 view .LVU55
 302 000e 80B2     		uxth	r0, r0
 303 0010 08BD     		pop	{r3, pc}
 304              	.L27:
 305 0012 00BF     		.align	2
 306              	.L26:
 307 0014 00000000 		.word	io_driver
 308              		.cfi_endproc
 309              	.LFE135:
 311              		.section	.text.BSP_IO_TogglePin,"ax",%progbits
 312              		.align	1
 313              		.global	BSP_IO_TogglePin
 314              		.syntax unified
 315              		.thumb
 316              		.thumb_func
 317              		.fpu fpv4-sp-d16
 319              	BSP_IO_TogglePin:
 320              	.LVL22:
 321              	.LFB136:
 114:Src/io_pin_driver.c **** 
 115:Src/io_pin_driver.c **** /**
 116:Src/io_pin_driver.c ****   * @brief  Toggles the selected pins state.
 117:Src/io_pin_driver.c ****   * @param  IO_Pin: Selected pins to toggle.
 118:Src/io_pin_driver.c ****   *          This parameter can be any combination of the IO pins.
 119:Src/io_pin_driver.c ****   */
 120:Src/io_pin_driver.c **** void BSP_IO_TogglePin(uint16_t IO_Pin)
 121:Src/io_pin_driver.c **** {
 322              		.loc 1 121 1 is_stmt 1 view -0
 323              		.cfi_startproc
 324              		@ args = 0, pretend = 0, frame = 0
 325              		@ frame_needed = 0, uses_anonymous_args = 0
 326              		.loc 1 121 1 is_stmt 0 view .LVU57
 327 0000 10B5     		push	{r4, lr}
 328              	.LCFI6:
 329              		.cfi_def_cfa_offset 8
 330              		.cfi_offset 4, -8
 331              		.cfi_offset 14, -4
 332 0002 0446     		mov	r4, r0
 122:Src/io_pin_driver.c ****   /* Toggle the current pin state */
 123:Src/io_pin_driver.c ****   if(io_driver->ReadPin(IO_I2C_ADDRESS, IO_Pin) == 1) /* Set */
 333              		.loc 1 123 3 is_stmt 1 view .LVU58
 334              		.loc 1 123 15 is_stmt 0 view .LVU59
ARM GAS  C:\Users\hungv\AppData\Local\Temp\ccKXQRWr.s 			page 9


 335 0004 0B4B     		ldr	r3, .L33
 336 0006 1B68     		ldr	r3, [r3]
 337 0008 9B69     		ldr	r3, [r3, #24]
 338              		.loc 1 123 6 view .LVU60
 339 000a 0146     		mov	r1, r0
 340 000c 8420     		movs	r0, #132
 341              	.LVL23:
 342              		.loc 1 123 6 view .LVU61
 343 000e 9847     		blx	r3
 344              	.LVL24:
 345              		.loc 1 123 5 view .LVU62
 346 0010 0128     		cmp	r0, #1
 347 0012 07D0     		beq	.L32
 124:Src/io_pin_driver.c ****   {
 125:Src/io_pin_driver.c ****     io_driver->WritePin(IO_I2C_ADDRESS, IO_Pin, 0); /* Reset */
 126:Src/io_pin_driver.c ****   }
 127:Src/io_pin_driver.c ****   else
 128:Src/io_pin_driver.c ****   {
 129:Src/io_pin_driver.c ****     io_driver->WritePin(IO_I2C_ADDRESS, IO_Pin, 1); /* Set */
 348              		.loc 1 129 5 is_stmt 1 view .LVU63
 349              		.loc 1 129 14 is_stmt 0 view .LVU64
 350 0014 074B     		ldr	r3, .L33
 351 0016 1B68     		ldr	r3, [r3]
 352 0018 5B69     		ldr	r3, [r3, #20]
 353              		.loc 1 129 5 view .LVU65
 354 001a 0122     		movs	r2, #1
 355 001c 2146     		mov	r1, r4
 356 001e 8420     		movs	r0, #132
 357 0020 9847     		blx	r3
 358              	.LVL25:
 359              	.L28:
 130:Src/io_pin_driver.c ****   }
 131:Src/io_pin_driver.c **** }
 360              		.loc 1 131 1 view .LVU66
 361 0022 10BD     		pop	{r4, pc}
 362              	.L32:
 125:Src/io_pin_driver.c ****   }
 363              		.loc 1 125 5 is_stmt 1 view .LVU67
 125:Src/io_pin_driver.c ****   }
 364              		.loc 1 125 14 is_stmt 0 view .LVU68
 365 0024 034B     		ldr	r3, .L33
 366 0026 1B68     		ldr	r3, [r3]
 367 0028 5B69     		ldr	r3, [r3, #20]
 125:Src/io_pin_driver.c ****   }
 368              		.loc 1 125 5 view .LVU69
 369 002a 0022     		movs	r2, #0
 370 002c 2146     		mov	r1, r4
 371 002e 8420     		movs	r0, #132
 372 0030 9847     		blx	r3
 373              	.LVL26:
 374 0032 F6E7     		b	.L28
 375              	.L34:
 376              		.align	2
 377              	.L33:
 378 0034 00000000 		.word	io_driver
 379              		.cfi_endproc
 380              	.LFE136:
ARM GAS  C:\Users\hungv\AppData\Local\Temp\ccKXQRWr.s 			page 10


 382              		.comm	io_driver,4,4
 383              		.text
 384              	.Letext0:
 385              		.file 2 "c:\\users\\hungv\\appdata\\roaming\\xpacks\\@gnu-mcu-eclipse\\arm-none-eabi-gcc\\8.2.1-1.
 386              		.file 3 "c:\\users\\hungv\\appdata\\roaming\\xpacks\\@gnu-mcu-eclipse\\arm-none-eabi-gcc\\8.2.1-1.
 387              		.file 4 "Drivers/CMSIS/Include/core_cm4.h"
 388              		.file 5 "Drivers/CMSIS/Device/ST/STM32F4xx/Include/system_stm32f4xx.h"
 389              		.file 6 "Inc/io.h"
 390              		.file 7 "Inc/stmpe1600.h"
ARM GAS  C:\Users\hungv\AppData\Local\Temp\ccKXQRWr.s 			page 11


DEFINED SYMBOLS
                            *ABS*:0000000000000000 io_pin_driver.c
C:\Users\hungv\AppData\Local\Temp\ccKXQRWr.s:18     .text.BSP_IO_Init:0000000000000000 $t
C:\Users\hungv\AppData\Local\Temp\ccKXQRWr.s:26     .text.BSP_IO_Init:0000000000000000 BSP_IO_Init
C:\Users\hungv\AppData\Local\Temp\ccKXQRWr.s:90     .text.BSP_IO_Init:0000000000000030 $d
                            *COM*:0000000000000004 io_driver
C:\Users\hungv\AppData\Local\Temp\ccKXQRWr.s:96     .text.BSP_IO_ITGetStatus:0000000000000000 $t
C:\Users\hungv\AppData\Local\Temp\ccKXQRWr.s:103    .text.BSP_IO_ITGetStatus:0000000000000000 BSP_IO_ITGetStatus
C:\Users\hungv\AppData\Local\Temp\ccKXQRWr.s:134    .text.BSP_IO_ITGetStatus:0000000000000014 $d
C:\Users\hungv\AppData\Local\Temp\ccKXQRWr.s:139    .text.BSP_IO_ITClear:0000000000000000 $t
C:\Users\hungv\AppData\Local\Temp\ccKXQRWr.s:146    .text.BSP_IO_ITClear:0000000000000000 BSP_IO_ITClear
C:\Users\hungv\AppData\Local\Temp\ccKXQRWr.s:172    .text.BSP_IO_ITClear:0000000000000014 $d
C:\Users\hungv\AppData\Local\Temp\ccKXQRWr.s:177    .text.BSP_IO_ConfigPin:0000000000000000 $t
C:\Users\hungv\AppData\Local\Temp\ccKXQRWr.s:184    .text.BSP_IO_ConfigPin:0000000000000000 BSP_IO_ConfigPin
C:\Users\hungv\AppData\Local\Temp\ccKXQRWr.s:219    .text.BSP_IO_ConfigPin:0000000000000014 $d
C:\Users\hungv\AppData\Local\Temp\ccKXQRWr.s:224    .text.BSP_IO_WritePin:0000000000000000 $t
C:\Users\hungv\AppData\Local\Temp\ccKXQRWr.s:231    .text.BSP_IO_WritePin:0000000000000000 BSP_IO_WritePin
C:\Users\hungv\AppData\Local\Temp\ccKXQRWr.s:264    .text.BSP_IO_WritePin:0000000000000014 $d
C:\Users\hungv\AppData\Local\Temp\ccKXQRWr.s:269    .text.BSP_IO_ReadPin:0000000000000000 $t
C:\Users\hungv\AppData\Local\Temp\ccKXQRWr.s:276    .text.BSP_IO_ReadPin:0000000000000000 BSP_IO_ReadPin
C:\Users\hungv\AppData\Local\Temp\ccKXQRWr.s:307    .text.BSP_IO_ReadPin:0000000000000014 $d
C:\Users\hungv\AppData\Local\Temp\ccKXQRWr.s:312    .text.BSP_IO_TogglePin:0000000000000000 $t
C:\Users\hungv\AppData\Local\Temp\ccKXQRWr.s:319    .text.BSP_IO_TogglePin:0000000000000000 BSP_IO_TogglePin
C:\Users\hungv\AppData\Local\Temp\ccKXQRWr.s:378    .text.BSP_IO_TogglePin:0000000000000034 $d

UNDEFINED SYMBOLS
stmpe1600_io_drv
