ARM GAS  C:\Users\hungv\AppData\Local\Temp\ccZXcclx.s 			page 1


   1              		.cpu cortex-m4
   2              		.eabi_attribute 27, 1
   3              		.eabi_attribute 28, 1
   4              		.eabi_attribute 20, 1
   5              		.eabi_attribute 21, 1
   6              		.eabi_attribute 23, 3
   7              		.eabi_attribute 24, 1
   8              		.eabi_attribute 25, 1
   9              		.eabi_attribute 26, 1
  10              		.eabi_attribute 30, 1
  11              		.eabi_attribute 34, 1
  12              		.eabi_attribute 18, 4
  13              		.file	"stm32f4xx_hal_msp.c"
  14              		.text
  15              	.Ltext0:
  16              		.cfi_sections	.debug_frame
  17              		.section	.text.HAL_MspInit,"ax",%progbits
  18              		.align	1
  19              		.global	HAL_MspInit
  20              		.arch armv7e-m
  21              		.syntax unified
  22              		.thumb
  23              		.thumb_func
  24              		.fpu fpv4-sp-d16
  26              	HAL_MspInit:
  27              	.LFB130:
  28              		.file 1 "Src/stm32f4xx_hal_msp.c"
   1:Src/stm32f4xx_hal_msp.c **** /* USER CODE BEGIN Header */
   2:Src/stm32f4xx_hal_msp.c **** /**
   3:Src/stm32f4xx_hal_msp.c ****   ******************************************************************************
   4:Src/stm32f4xx_hal_msp.c ****   * File Name          : stm32f4xx_hal_msp.c
   5:Src/stm32f4xx_hal_msp.c ****   * Description        : This file provides code for the MSP Initialization 
   6:Src/stm32f4xx_hal_msp.c ****   *                      and de-Initialization codes.
   7:Src/stm32f4xx_hal_msp.c ****   ******************************************************************************
   8:Src/stm32f4xx_hal_msp.c ****   * @attention
   9:Src/stm32f4xx_hal_msp.c ****   *
  10:Src/stm32f4xx_hal_msp.c ****   * <h2><center>&copy; Copyright (c) 2019 STMicroelectronics.
  11:Src/stm32f4xx_hal_msp.c ****   * All rights reserved.</center></h2>
  12:Src/stm32f4xx_hal_msp.c ****   *
  13:Src/stm32f4xx_hal_msp.c ****   * This software component is licensed by ST under BSD 3-Clause license,
  14:Src/stm32f4xx_hal_msp.c ****   * the "License"; You may not use this file except in compliance with the
  15:Src/stm32f4xx_hal_msp.c ****   * License. You may obtain a copy of the License at:
  16:Src/stm32f4xx_hal_msp.c ****   *                        opensource.org/licenses/BSD-3-Clause
  17:Src/stm32f4xx_hal_msp.c ****   *
  18:Src/stm32f4xx_hal_msp.c ****   ******************************************************************************
  19:Src/stm32f4xx_hal_msp.c ****   */
  20:Src/stm32f4xx_hal_msp.c **** /* USER CODE END Header */
  21:Src/stm32f4xx_hal_msp.c **** 
  22:Src/stm32f4xx_hal_msp.c **** /* Includes ------------------------------------------------------------------*/
  23:Src/stm32f4xx_hal_msp.c **** #include "main.h"
  24:Src/stm32f4xx_hal_msp.c **** /* USER CODE BEGIN Includes */
  25:Src/stm32f4xx_hal_msp.c **** 
  26:Src/stm32f4xx_hal_msp.c **** /* USER CODE END Includes */
  27:Src/stm32f4xx_hal_msp.c **** 
  28:Src/stm32f4xx_hal_msp.c **** /* Private typedef -----------------------------------------------------------*/
  29:Src/stm32f4xx_hal_msp.c **** /* USER CODE BEGIN TD */
  30:Src/stm32f4xx_hal_msp.c **** 
ARM GAS  C:\Users\hungv\AppData\Local\Temp\ccZXcclx.s 			page 2


  31:Src/stm32f4xx_hal_msp.c **** /* USER CODE END TD */
  32:Src/stm32f4xx_hal_msp.c **** 
  33:Src/stm32f4xx_hal_msp.c **** /* Private define ------------------------------------------------------------*/
  34:Src/stm32f4xx_hal_msp.c **** /* USER CODE BEGIN Define */
  35:Src/stm32f4xx_hal_msp.c ****  
  36:Src/stm32f4xx_hal_msp.c **** /* USER CODE END Define */
  37:Src/stm32f4xx_hal_msp.c **** 
  38:Src/stm32f4xx_hal_msp.c **** /* Private macro -------------------------------------------------------------*/
  39:Src/stm32f4xx_hal_msp.c **** /* USER CODE BEGIN Macro */
  40:Src/stm32f4xx_hal_msp.c **** 
  41:Src/stm32f4xx_hal_msp.c **** /* USER CODE END Macro */
  42:Src/stm32f4xx_hal_msp.c **** 
  43:Src/stm32f4xx_hal_msp.c **** /* Private variables ---------------------------------------------------------*/
  44:Src/stm32f4xx_hal_msp.c **** /* USER CODE BEGIN PV */
  45:Src/stm32f4xx_hal_msp.c **** 
  46:Src/stm32f4xx_hal_msp.c **** /* USER CODE END PV */
  47:Src/stm32f4xx_hal_msp.c **** 
  48:Src/stm32f4xx_hal_msp.c **** /* Private function prototypes -----------------------------------------------*/
  49:Src/stm32f4xx_hal_msp.c **** /* USER CODE BEGIN PFP */
  50:Src/stm32f4xx_hal_msp.c **** 
  51:Src/stm32f4xx_hal_msp.c **** /* USER CODE END PFP */
  52:Src/stm32f4xx_hal_msp.c **** 
  53:Src/stm32f4xx_hal_msp.c **** /* External functions --------------------------------------------------------*/
  54:Src/stm32f4xx_hal_msp.c **** /* USER CODE BEGIN ExternalFunctions */
  55:Src/stm32f4xx_hal_msp.c **** 
  56:Src/stm32f4xx_hal_msp.c **** /* USER CODE END ExternalFunctions */
  57:Src/stm32f4xx_hal_msp.c **** 
  58:Src/stm32f4xx_hal_msp.c **** /* USER CODE BEGIN 0 */
  59:Src/stm32f4xx_hal_msp.c **** 
  60:Src/stm32f4xx_hal_msp.c **** /* USER CODE END 0 */
  61:Src/stm32f4xx_hal_msp.c **** /**
  62:Src/stm32f4xx_hal_msp.c ****   * Initializes the Global MSP.
  63:Src/stm32f4xx_hal_msp.c ****   */
  64:Src/stm32f4xx_hal_msp.c **** void HAL_MspInit(void)
  65:Src/stm32f4xx_hal_msp.c **** {
  29              		.loc 1 65 1 view -0
  30              		.cfi_startproc
  31              		@ args = 0, pretend = 0, frame = 8
  32              		@ frame_needed = 0, uses_anonymous_args = 0
  33              		@ link register save eliminated.
  34 0000 82B0     		sub	sp, sp, #8
  35              	.LCFI0:
  36              		.cfi_def_cfa_offset 8
  66:Src/stm32f4xx_hal_msp.c ****   /* USER CODE BEGIN MspInit 0 */
  67:Src/stm32f4xx_hal_msp.c **** 
  68:Src/stm32f4xx_hal_msp.c ****   /* USER CODE END MspInit 0 */
  69:Src/stm32f4xx_hal_msp.c **** 
  70:Src/stm32f4xx_hal_msp.c ****   __HAL_RCC_SYSCFG_CLK_ENABLE();
  37              		.loc 1 70 3 view .LVU1
  38              	.LBB2:
  39              		.loc 1 70 3 view .LVU2
  40 0002 0021     		movs	r1, #0
  41 0004 0091     		str	r1, [sp]
  42              		.loc 1 70 3 view .LVU3
  43 0006 0B4B     		ldr	r3, .L3
  44 0008 5A6C     		ldr	r2, [r3, #68]
  45 000a 42F48042 		orr	r2, r2, #16384
ARM GAS  C:\Users\hungv\AppData\Local\Temp\ccZXcclx.s 			page 3


  46 000e 5A64     		str	r2, [r3, #68]
  47              		.loc 1 70 3 view .LVU4
  48 0010 5A6C     		ldr	r2, [r3, #68]
  49 0012 02F48042 		and	r2, r2, #16384
  50 0016 0092     		str	r2, [sp]
  51              		.loc 1 70 3 view .LVU5
  52 0018 009A     		ldr	r2, [sp]
  53              	.LBE2:
  71:Src/stm32f4xx_hal_msp.c ****   __HAL_RCC_PWR_CLK_ENABLE();
  54              		.loc 1 71 3 view .LVU6
  55              	.LBB3:
  56              		.loc 1 71 3 view .LVU7
  57 001a 0191     		str	r1, [sp, #4]
  58              		.loc 1 71 3 view .LVU8
  59 001c 1A6C     		ldr	r2, [r3, #64]
  60 001e 42F08052 		orr	r2, r2, #268435456
  61 0022 1A64     		str	r2, [r3, #64]
  62              		.loc 1 71 3 view .LVU9
  63 0024 1B6C     		ldr	r3, [r3, #64]
  64 0026 03F08053 		and	r3, r3, #268435456
  65 002a 0193     		str	r3, [sp, #4]
  66              		.loc 1 71 3 view .LVU10
  67 002c 019B     		ldr	r3, [sp, #4]
  68              	.LBE3:
  72:Src/stm32f4xx_hal_msp.c **** 
  73:Src/stm32f4xx_hal_msp.c ****   /* System interrupt init*/
  74:Src/stm32f4xx_hal_msp.c **** 
  75:Src/stm32f4xx_hal_msp.c ****   /* USER CODE BEGIN MspInit 1 */
  76:Src/stm32f4xx_hal_msp.c **** 
  77:Src/stm32f4xx_hal_msp.c ****   /* USER CODE END MspInit 1 */
  78:Src/stm32f4xx_hal_msp.c **** }
  69              		.loc 1 78 1 is_stmt 0 view .LVU11
  70 002e 02B0     		add	sp, sp, #8
  71              	.LCFI1:
  72              		.cfi_def_cfa_offset 0
  73              		@ sp needed
  74 0030 7047     		bx	lr
  75              	.L4:
  76 0032 00BF     		.align	2
  77              	.L3:
  78 0034 00380240 		.word	1073887232
  79              		.cfi_endproc
  80              	.LFE130:
  82              		.section	.text.HAL_DCMI_MspInit,"ax",%progbits
  83              		.align	1
  84              		.global	HAL_DCMI_MspInit
  85              		.syntax unified
  86              		.thumb
  87              		.thumb_func
  88              		.fpu fpv4-sp-d16
  90              	HAL_DCMI_MspInit:
  91              	.LVL0:
  92              	.LFB131:
  79:Src/stm32f4xx_hal_msp.c **** 
  80:Src/stm32f4xx_hal_msp.c **** /**
  81:Src/stm32f4xx_hal_msp.c **** * @brief DCMI MSP Initialization
  82:Src/stm32f4xx_hal_msp.c **** * This function configures the hardware resources used in this example
ARM GAS  C:\Users\hungv\AppData\Local\Temp\ccZXcclx.s 			page 4


  83:Src/stm32f4xx_hal_msp.c **** * @param hdcmi: DCMI handle pointer
  84:Src/stm32f4xx_hal_msp.c **** * @retval None
  85:Src/stm32f4xx_hal_msp.c **** */
  86:Src/stm32f4xx_hal_msp.c **** void HAL_DCMI_MspInit(DCMI_HandleTypeDef* hdcmi)
  87:Src/stm32f4xx_hal_msp.c **** {
  93              		.loc 1 87 1 is_stmt 1 view -0
  94              		.cfi_startproc
  95              		@ args = 0, pretend = 0, frame = 40
  96              		@ frame_needed = 0, uses_anonymous_args = 0
  97              		.loc 1 87 1 is_stmt 0 view .LVU13
  98 0000 70B5     		push	{r4, r5, r6, lr}
  99              	.LCFI2:
 100              		.cfi_def_cfa_offset 16
 101              		.cfi_offset 4, -16
 102              		.cfi_offset 5, -12
 103              		.cfi_offset 6, -8
 104              		.cfi_offset 14, -4
 105 0002 8AB0     		sub	sp, sp, #40
 106              	.LCFI3:
 107              		.cfi_def_cfa_offset 56
  88:Src/stm32f4xx_hal_msp.c ****   GPIO_InitTypeDef GPIO_InitStruct = {0};
 108              		.loc 1 88 3 is_stmt 1 view .LVU14
 109              		.loc 1 88 20 is_stmt 0 view .LVU15
 110 0004 0023     		movs	r3, #0
 111 0006 0593     		str	r3, [sp, #20]
 112 0008 0693     		str	r3, [sp, #24]
 113 000a 0793     		str	r3, [sp, #28]
 114 000c 0893     		str	r3, [sp, #32]
 115 000e 0993     		str	r3, [sp, #36]
  89:Src/stm32f4xx_hal_msp.c ****   if(hdcmi->Instance==DCMI)
 116              		.loc 1 89 3 is_stmt 1 view .LVU16
 117              		.loc 1 89 11 is_stmt 0 view .LVU17
 118 0010 0268     		ldr	r2, [r0]
 119              		.loc 1 89 5 view .LVU18
 120 0012 314B     		ldr	r3, .L9
 121 0014 9A42     		cmp	r2, r3
 122 0016 01D0     		beq	.L8
 123              	.LVL1:
 124              	.L5:
  90:Src/stm32f4xx_hal_msp.c ****   {
  91:Src/stm32f4xx_hal_msp.c ****   /* USER CODE BEGIN DCMI_MspInit 0 */
  92:Src/stm32f4xx_hal_msp.c **** 
  93:Src/stm32f4xx_hal_msp.c ****   /* USER CODE END DCMI_MspInit 0 */
  94:Src/stm32f4xx_hal_msp.c ****     /* Peripheral clock enable */
  95:Src/stm32f4xx_hal_msp.c ****     __HAL_RCC_DCMI_CLK_ENABLE();
  96:Src/stm32f4xx_hal_msp.c ****   
  97:Src/stm32f4xx_hal_msp.c ****     __HAL_RCC_GPIOE_CLK_ENABLE();
  98:Src/stm32f4xx_hal_msp.c ****     __HAL_RCC_GPIOA_CLK_ENABLE();
  99:Src/stm32f4xx_hal_msp.c ****     __HAL_RCC_GPIOC_CLK_ENABLE();
 100:Src/stm32f4xx_hal_msp.c ****     __HAL_RCC_GPIOB_CLK_ENABLE();
 101:Src/stm32f4xx_hal_msp.c ****     /**DCMI GPIO Configuration    
 102:Src/stm32f4xx_hal_msp.c ****     PE4     ------> DCMI_D4
 103:Src/stm32f4xx_hal_msp.c ****     PE5     ------> DCMI_D6
 104:Src/stm32f4xx_hal_msp.c ****     PE6     ------> DCMI_D7
 105:Src/stm32f4xx_hal_msp.c ****     PA4     ------> DCMI_HSYNC
 106:Src/stm32f4xx_hal_msp.c ****     PA6     ------> DCMI_PIXCK
 107:Src/stm32f4xx_hal_msp.c ****     PC6     ------> DCMI_D0
ARM GAS  C:\Users\hungv\AppData\Local\Temp\ccZXcclx.s 			page 5


 108:Src/stm32f4xx_hal_msp.c ****     PC7     ------> DCMI_D1
 109:Src/stm32f4xx_hal_msp.c ****     PC8     ------> DCMI_D2
 110:Src/stm32f4xx_hal_msp.c ****     PC9     ------> DCMI_D3
 111:Src/stm32f4xx_hal_msp.c ****     PB6     ------> DCMI_D5
 112:Src/stm32f4xx_hal_msp.c ****     PB7     ------> DCMI_VSYNC 
 113:Src/stm32f4xx_hal_msp.c ****     */
 114:Src/stm32f4xx_hal_msp.c ****     GPIO_InitStruct.Pin = GPIO_PIN_4|GPIO_PIN_5|GPIO_PIN_6;
 115:Src/stm32f4xx_hal_msp.c ****     GPIO_InitStruct.Mode = GPIO_MODE_AF_PP;
 116:Src/stm32f4xx_hal_msp.c ****     GPIO_InitStruct.Pull = GPIO_NOPULL;
 117:Src/stm32f4xx_hal_msp.c ****     GPIO_InitStruct.Speed = GPIO_SPEED_FREQ_LOW;
 118:Src/stm32f4xx_hal_msp.c ****     GPIO_InitStruct.Alternate = GPIO_AF13_DCMI;
 119:Src/stm32f4xx_hal_msp.c ****     HAL_GPIO_Init(GPIOE, &GPIO_InitStruct);
 120:Src/stm32f4xx_hal_msp.c **** 
 121:Src/stm32f4xx_hal_msp.c ****     GPIO_InitStruct.Pin = GPIO_PIN_4|GPIO_PIN_6;
 122:Src/stm32f4xx_hal_msp.c ****     GPIO_InitStruct.Mode = GPIO_MODE_AF_PP;
 123:Src/stm32f4xx_hal_msp.c ****     GPIO_InitStruct.Pull = GPIO_NOPULL;
 124:Src/stm32f4xx_hal_msp.c ****     GPIO_InitStruct.Speed = GPIO_SPEED_FREQ_LOW;
 125:Src/stm32f4xx_hal_msp.c ****     GPIO_InitStruct.Alternate = GPIO_AF13_DCMI;
 126:Src/stm32f4xx_hal_msp.c ****     HAL_GPIO_Init(GPIOA, &GPIO_InitStruct);
 127:Src/stm32f4xx_hal_msp.c **** 
 128:Src/stm32f4xx_hal_msp.c ****     GPIO_InitStruct.Pin = GPIO_PIN_6|GPIO_PIN_7|GPIO_PIN_8|GPIO_PIN_9;
 129:Src/stm32f4xx_hal_msp.c ****     GPIO_InitStruct.Mode = GPIO_MODE_AF_PP;
 130:Src/stm32f4xx_hal_msp.c ****     GPIO_InitStruct.Pull = GPIO_NOPULL;
 131:Src/stm32f4xx_hal_msp.c ****     GPIO_InitStruct.Speed = GPIO_SPEED_FREQ_LOW;
 132:Src/stm32f4xx_hal_msp.c ****     GPIO_InitStruct.Alternate = GPIO_AF13_DCMI;
 133:Src/stm32f4xx_hal_msp.c ****     HAL_GPIO_Init(GPIOC, &GPIO_InitStruct);
 134:Src/stm32f4xx_hal_msp.c **** 
 135:Src/stm32f4xx_hal_msp.c ****     GPIO_InitStruct.Pin = GPIO_PIN_6|GPIO_PIN_7;
 136:Src/stm32f4xx_hal_msp.c ****     GPIO_InitStruct.Mode = GPIO_MODE_AF_PP;
 137:Src/stm32f4xx_hal_msp.c ****     GPIO_InitStruct.Pull = GPIO_NOPULL;
 138:Src/stm32f4xx_hal_msp.c ****     GPIO_InitStruct.Speed = GPIO_SPEED_FREQ_LOW;
 139:Src/stm32f4xx_hal_msp.c ****     GPIO_InitStruct.Alternate = GPIO_AF13_DCMI;
 140:Src/stm32f4xx_hal_msp.c ****     HAL_GPIO_Init(GPIOB, &GPIO_InitStruct);
 141:Src/stm32f4xx_hal_msp.c **** 
 142:Src/stm32f4xx_hal_msp.c ****   /* USER CODE BEGIN DCMI_MspInit 1 */
 143:Src/stm32f4xx_hal_msp.c **** 
 144:Src/stm32f4xx_hal_msp.c ****   /* USER CODE END DCMI_MspInit 1 */
 145:Src/stm32f4xx_hal_msp.c ****   }
 146:Src/stm32f4xx_hal_msp.c **** 
 147:Src/stm32f4xx_hal_msp.c **** }
 125              		.loc 1 147 1 view .LVU19
 126 0018 0AB0     		add	sp, sp, #40
 127              	.LCFI4:
 128              		.cfi_remember_state
 129              		.cfi_def_cfa_offset 16
 130              		@ sp needed
 131 001a 70BD     		pop	{r4, r5, r6, pc}
 132              	.LVL2:
 133              	.L8:
 134              	.LCFI5:
 135              		.cfi_restore_state
  95:Src/stm32f4xx_hal_msp.c ****   
 136              		.loc 1 95 5 is_stmt 1 view .LVU20
 137              	.LBB4:
  95:Src/stm32f4xx_hal_msp.c ****   
 138              		.loc 1 95 5 view .LVU21
 139 001c 0024     		movs	r4, #0
ARM GAS  C:\Users\hungv\AppData\Local\Temp\ccZXcclx.s 			page 6


 140 001e 0094     		str	r4, [sp]
  95:Src/stm32f4xx_hal_msp.c ****   
 141              		.loc 1 95 5 view .LVU22
 142 0020 2E4B     		ldr	r3, .L9+4
 143 0022 5A6B     		ldr	r2, [r3, #52]
 144 0024 42F00102 		orr	r2, r2, #1
 145 0028 5A63     		str	r2, [r3, #52]
  95:Src/stm32f4xx_hal_msp.c ****   
 146              		.loc 1 95 5 view .LVU23
 147 002a 5A6B     		ldr	r2, [r3, #52]
 148 002c 02F00102 		and	r2, r2, #1
 149 0030 0092     		str	r2, [sp]
  95:Src/stm32f4xx_hal_msp.c ****   
 150              		.loc 1 95 5 view .LVU24
 151 0032 009A     		ldr	r2, [sp]
 152              	.LBE4:
  97:Src/stm32f4xx_hal_msp.c ****     __HAL_RCC_GPIOA_CLK_ENABLE();
 153              		.loc 1 97 5 view .LVU25
 154              	.LBB5:
  97:Src/stm32f4xx_hal_msp.c ****     __HAL_RCC_GPIOA_CLK_ENABLE();
 155              		.loc 1 97 5 view .LVU26
 156 0034 0194     		str	r4, [sp, #4]
  97:Src/stm32f4xx_hal_msp.c ****     __HAL_RCC_GPIOA_CLK_ENABLE();
 157              		.loc 1 97 5 view .LVU27
 158 0036 1A6B     		ldr	r2, [r3, #48]
 159 0038 42F01002 		orr	r2, r2, #16
 160 003c 1A63     		str	r2, [r3, #48]
  97:Src/stm32f4xx_hal_msp.c ****     __HAL_RCC_GPIOA_CLK_ENABLE();
 161              		.loc 1 97 5 view .LVU28
 162 003e 1A6B     		ldr	r2, [r3, #48]
 163 0040 02F01002 		and	r2, r2, #16
 164 0044 0192     		str	r2, [sp, #4]
  97:Src/stm32f4xx_hal_msp.c ****     __HAL_RCC_GPIOA_CLK_ENABLE();
 165              		.loc 1 97 5 view .LVU29
 166 0046 019A     		ldr	r2, [sp, #4]
 167              	.LBE5:
  98:Src/stm32f4xx_hal_msp.c ****     __HAL_RCC_GPIOC_CLK_ENABLE();
 168              		.loc 1 98 5 view .LVU30
 169              	.LBB6:
  98:Src/stm32f4xx_hal_msp.c ****     __HAL_RCC_GPIOC_CLK_ENABLE();
 170              		.loc 1 98 5 view .LVU31
 171 0048 0294     		str	r4, [sp, #8]
  98:Src/stm32f4xx_hal_msp.c ****     __HAL_RCC_GPIOC_CLK_ENABLE();
 172              		.loc 1 98 5 view .LVU32
 173 004a 1A6B     		ldr	r2, [r3, #48]
 174 004c 42F00102 		orr	r2, r2, #1
 175 0050 1A63     		str	r2, [r3, #48]
  98:Src/stm32f4xx_hal_msp.c ****     __HAL_RCC_GPIOC_CLK_ENABLE();
 176              		.loc 1 98 5 view .LVU33
 177 0052 1A6B     		ldr	r2, [r3, #48]
 178 0054 02F00102 		and	r2, r2, #1
 179 0058 0292     		str	r2, [sp, #8]
  98:Src/stm32f4xx_hal_msp.c ****     __HAL_RCC_GPIOC_CLK_ENABLE();
 180              		.loc 1 98 5 view .LVU34
 181 005a 029A     		ldr	r2, [sp, #8]
 182              	.LBE6:
  99:Src/stm32f4xx_hal_msp.c ****     __HAL_RCC_GPIOB_CLK_ENABLE();
ARM GAS  C:\Users\hungv\AppData\Local\Temp\ccZXcclx.s 			page 7


 183              		.loc 1 99 5 view .LVU35
 184              	.LBB7:
  99:Src/stm32f4xx_hal_msp.c ****     __HAL_RCC_GPIOB_CLK_ENABLE();
 185              		.loc 1 99 5 view .LVU36
 186 005c 0394     		str	r4, [sp, #12]
  99:Src/stm32f4xx_hal_msp.c ****     __HAL_RCC_GPIOB_CLK_ENABLE();
 187              		.loc 1 99 5 view .LVU37
 188 005e 1A6B     		ldr	r2, [r3, #48]
 189 0060 42F00402 		orr	r2, r2, #4
 190 0064 1A63     		str	r2, [r3, #48]
  99:Src/stm32f4xx_hal_msp.c ****     __HAL_RCC_GPIOB_CLK_ENABLE();
 191              		.loc 1 99 5 view .LVU38
 192 0066 1A6B     		ldr	r2, [r3, #48]
 193 0068 02F00402 		and	r2, r2, #4
 194 006c 0392     		str	r2, [sp, #12]
  99:Src/stm32f4xx_hal_msp.c ****     __HAL_RCC_GPIOB_CLK_ENABLE();
 195              		.loc 1 99 5 view .LVU39
 196 006e 039A     		ldr	r2, [sp, #12]
 197              	.LBE7:
 100:Src/stm32f4xx_hal_msp.c ****     /**DCMI GPIO Configuration    
 198              		.loc 1 100 5 view .LVU40
 199              	.LBB8:
 100:Src/stm32f4xx_hal_msp.c ****     /**DCMI GPIO Configuration    
 200              		.loc 1 100 5 view .LVU41
 201 0070 0494     		str	r4, [sp, #16]
 100:Src/stm32f4xx_hal_msp.c ****     /**DCMI GPIO Configuration    
 202              		.loc 1 100 5 view .LVU42
 203 0072 1A6B     		ldr	r2, [r3, #48]
 204 0074 42F00202 		orr	r2, r2, #2
 205 0078 1A63     		str	r2, [r3, #48]
 100:Src/stm32f4xx_hal_msp.c ****     /**DCMI GPIO Configuration    
 206              		.loc 1 100 5 view .LVU43
 207 007a 1B6B     		ldr	r3, [r3, #48]
 208 007c 03F00203 		and	r3, r3, #2
 209 0080 0493     		str	r3, [sp, #16]
 100:Src/stm32f4xx_hal_msp.c ****     /**DCMI GPIO Configuration    
 210              		.loc 1 100 5 view .LVU44
 211 0082 049B     		ldr	r3, [sp, #16]
 212              	.LBE8:
 114:Src/stm32f4xx_hal_msp.c ****     GPIO_InitStruct.Mode = GPIO_MODE_AF_PP;
 213              		.loc 1 114 5 view .LVU45
 114:Src/stm32f4xx_hal_msp.c ****     GPIO_InitStruct.Mode = GPIO_MODE_AF_PP;
 214              		.loc 1 114 25 is_stmt 0 view .LVU46
 215 0084 7023     		movs	r3, #112
 216 0086 0593     		str	r3, [sp, #20]
 115:Src/stm32f4xx_hal_msp.c ****     GPIO_InitStruct.Pull = GPIO_NOPULL;
 217              		.loc 1 115 5 is_stmt 1 view .LVU47
 115:Src/stm32f4xx_hal_msp.c ****     GPIO_InitStruct.Pull = GPIO_NOPULL;
 218              		.loc 1 115 26 is_stmt 0 view .LVU48
 219 0088 0226     		movs	r6, #2
 220 008a 0696     		str	r6, [sp, #24]
 116:Src/stm32f4xx_hal_msp.c ****     GPIO_InitStruct.Speed = GPIO_SPEED_FREQ_LOW;
 221              		.loc 1 116 5 is_stmt 1 view .LVU49
 117:Src/stm32f4xx_hal_msp.c ****     GPIO_InitStruct.Alternate = GPIO_AF13_DCMI;
 222              		.loc 1 117 5 view .LVU50
 118:Src/stm32f4xx_hal_msp.c ****     HAL_GPIO_Init(GPIOE, &GPIO_InitStruct);
 223              		.loc 1 118 5 view .LVU51
ARM GAS  C:\Users\hungv\AppData\Local\Temp\ccZXcclx.s 			page 8


 118:Src/stm32f4xx_hal_msp.c ****     HAL_GPIO_Init(GPIOE, &GPIO_InitStruct);
 224              		.loc 1 118 31 is_stmt 0 view .LVU52
 225 008c 0D25     		movs	r5, #13
 226 008e 0995     		str	r5, [sp, #36]
 119:Src/stm32f4xx_hal_msp.c **** 
 227              		.loc 1 119 5 is_stmt 1 view .LVU53
 228 0090 05A9     		add	r1, sp, #20
 229 0092 1348     		ldr	r0, .L9+8
 230              	.LVL3:
 119:Src/stm32f4xx_hal_msp.c **** 
 231              		.loc 1 119 5 is_stmt 0 view .LVU54
 232 0094 FFF7FEFF 		bl	HAL_GPIO_Init
 233              	.LVL4:
 121:Src/stm32f4xx_hal_msp.c ****     GPIO_InitStruct.Mode = GPIO_MODE_AF_PP;
 234              		.loc 1 121 5 is_stmt 1 view .LVU55
 121:Src/stm32f4xx_hal_msp.c ****     GPIO_InitStruct.Mode = GPIO_MODE_AF_PP;
 235              		.loc 1 121 25 is_stmt 0 view .LVU56
 236 0098 5023     		movs	r3, #80
 237 009a 0593     		str	r3, [sp, #20]
 122:Src/stm32f4xx_hal_msp.c ****     GPIO_InitStruct.Pull = GPIO_NOPULL;
 238              		.loc 1 122 5 is_stmt 1 view .LVU57
 122:Src/stm32f4xx_hal_msp.c ****     GPIO_InitStruct.Pull = GPIO_NOPULL;
 239              		.loc 1 122 26 is_stmt 0 view .LVU58
 240 009c 0696     		str	r6, [sp, #24]
 123:Src/stm32f4xx_hal_msp.c ****     GPIO_InitStruct.Speed = GPIO_SPEED_FREQ_LOW;
 241              		.loc 1 123 5 is_stmt 1 view .LVU59
 123:Src/stm32f4xx_hal_msp.c ****     GPIO_InitStruct.Speed = GPIO_SPEED_FREQ_LOW;
 242              		.loc 1 123 26 is_stmt 0 view .LVU60
 243 009e 0794     		str	r4, [sp, #28]
 124:Src/stm32f4xx_hal_msp.c ****     GPIO_InitStruct.Alternate = GPIO_AF13_DCMI;
 244              		.loc 1 124 5 is_stmt 1 view .LVU61
 124:Src/stm32f4xx_hal_msp.c ****     GPIO_InitStruct.Alternate = GPIO_AF13_DCMI;
 245              		.loc 1 124 27 is_stmt 0 view .LVU62
 246 00a0 0894     		str	r4, [sp, #32]
 125:Src/stm32f4xx_hal_msp.c ****     HAL_GPIO_Init(GPIOA, &GPIO_InitStruct);
 247              		.loc 1 125 5 is_stmt 1 view .LVU63
 125:Src/stm32f4xx_hal_msp.c ****     HAL_GPIO_Init(GPIOA, &GPIO_InitStruct);
 248              		.loc 1 125 31 is_stmt 0 view .LVU64
 249 00a2 0995     		str	r5, [sp, #36]
 126:Src/stm32f4xx_hal_msp.c **** 
 250              		.loc 1 126 5 is_stmt 1 view .LVU65
 251 00a4 05A9     		add	r1, sp, #20
 252 00a6 0F48     		ldr	r0, .L9+12
 253 00a8 FFF7FEFF 		bl	HAL_GPIO_Init
 254              	.LVL5:
 128:Src/stm32f4xx_hal_msp.c ****     GPIO_InitStruct.Mode = GPIO_MODE_AF_PP;
 255              		.loc 1 128 5 view .LVU66
 128:Src/stm32f4xx_hal_msp.c ****     GPIO_InitStruct.Mode = GPIO_MODE_AF_PP;
 256              		.loc 1 128 25 is_stmt 0 view .LVU67
 257 00ac 4FF47073 		mov	r3, #960
 258 00b0 0593     		str	r3, [sp, #20]
 129:Src/stm32f4xx_hal_msp.c ****     GPIO_InitStruct.Pull = GPIO_NOPULL;
 259              		.loc 1 129 5 is_stmt 1 view .LVU68
 129:Src/stm32f4xx_hal_msp.c ****     GPIO_InitStruct.Pull = GPIO_NOPULL;
 260              		.loc 1 129 26 is_stmt 0 view .LVU69
 261 00b2 0696     		str	r6, [sp, #24]
 130:Src/stm32f4xx_hal_msp.c ****     GPIO_InitStruct.Speed = GPIO_SPEED_FREQ_LOW;
ARM GAS  C:\Users\hungv\AppData\Local\Temp\ccZXcclx.s 			page 9


 262              		.loc 1 130 5 is_stmt 1 view .LVU70
 130:Src/stm32f4xx_hal_msp.c ****     GPIO_InitStruct.Speed = GPIO_SPEED_FREQ_LOW;
 263              		.loc 1 130 26 is_stmt 0 view .LVU71
 264 00b4 0794     		str	r4, [sp, #28]
 131:Src/stm32f4xx_hal_msp.c ****     GPIO_InitStruct.Alternate = GPIO_AF13_DCMI;
 265              		.loc 1 131 5 is_stmt 1 view .LVU72
 131:Src/stm32f4xx_hal_msp.c ****     GPIO_InitStruct.Alternate = GPIO_AF13_DCMI;
 266              		.loc 1 131 27 is_stmt 0 view .LVU73
 267 00b6 0894     		str	r4, [sp, #32]
 132:Src/stm32f4xx_hal_msp.c ****     HAL_GPIO_Init(GPIOC, &GPIO_InitStruct);
 268              		.loc 1 132 5 is_stmt 1 view .LVU74
 132:Src/stm32f4xx_hal_msp.c ****     HAL_GPIO_Init(GPIOC, &GPIO_InitStruct);
 269              		.loc 1 132 31 is_stmt 0 view .LVU75
 270 00b8 0995     		str	r5, [sp, #36]
 133:Src/stm32f4xx_hal_msp.c **** 
 271              		.loc 1 133 5 is_stmt 1 view .LVU76
 272 00ba 05A9     		add	r1, sp, #20
 273 00bc 0A48     		ldr	r0, .L9+16
 274 00be FFF7FEFF 		bl	HAL_GPIO_Init
 275              	.LVL6:
 135:Src/stm32f4xx_hal_msp.c ****     GPIO_InitStruct.Mode = GPIO_MODE_AF_PP;
 276              		.loc 1 135 5 view .LVU77
 135:Src/stm32f4xx_hal_msp.c ****     GPIO_InitStruct.Mode = GPIO_MODE_AF_PP;
 277              		.loc 1 135 25 is_stmt 0 view .LVU78
 278 00c2 C023     		movs	r3, #192
 279 00c4 0593     		str	r3, [sp, #20]
 136:Src/stm32f4xx_hal_msp.c ****     GPIO_InitStruct.Pull = GPIO_NOPULL;
 280              		.loc 1 136 5 is_stmt 1 view .LVU79
 136:Src/stm32f4xx_hal_msp.c ****     GPIO_InitStruct.Pull = GPIO_NOPULL;
 281              		.loc 1 136 26 is_stmt 0 view .LVU80
 282 00c6 0696     		str	r6, [sp, #24]
 137:Src/stm32f4xx_hal_msp.c ****     GPIO_InitStruct.Speed = GPIO_SPEED_FREQ_LOW;
 283              		.loc 1 137 5 is_stmt 1 view .LVU81
 137:Src/stm32f4xx_hal_msp.c ****     GPIO_InitStruct.Speed = GPIO_SPEED_FREQ_LOW;
 284              		.loc 1 137 26 is_stmt 0 view .LVU82
 285 00c8 0794     		str	r4, [sp, #28]
 138:Src/stm32f4xx_hal_msp.c ****     GPIO_InitStruct.Alternate = GPIO_AF13_DCMI;
 286              		.loc 1 138 5 is_stmt 1 view .LVU83
 138:Src/stm32f4xx_hal_msp.c ****     GPIO_InitStruct.Alternate = GPIO_AF13_DCMI;
 287              		.loc 1 138 27 is_stmt 0 view .LVU84
 288 00ca 0894     		str	r4, [sp, #32]
 139:Src/stm32f4xx_hal_msp.c ****     HAL_GPIO_Init(GPIOB, &GPIO_InitStruct);
 289              		.loc 1 139 5 is_stmt 1 view .LVU85
 139:Src/stm32f4xx_hal_msp.c ****     HAL_GPIO_Init(GPIOB, &GPIO_InitStruct);
 290              		.loc 1 139 31 is_stmt 0 view .LVU86
 291 00cc 0995     		str	r5, [sp, #36]
 140:Src/stm32f4xx_hal_msp.c **** 
 292              		.loc 1 140 5 is_stmt 1 view .LVU87
 293 00ce 05A9     		add	r1, sp, #20
 294 00d0 0648     		ldr	r0, .L9+20
 295 00d2 FFF7FEFF 		bl	HAL_GPIO_Init
 296              	.LVL7:
 297              		.loc 1 147 1 is_stmt 0 view .LVU88
 298 00d6 9FE7     		b	.L5
 299              	.L10:
 300              		.align	2
 301              	.L9:
ARM GAS  C:\Users\hungv\AppData\Local\Temp\ccZXcclx.s 			page 10


 302 00d8 00000550 		.word	1342504960
 303 00dc 00380240 		.word	1073887232
 304 00e0 00100240 		.word	1073876992
 305 00e4 00000240 		.word	1073872896
 306 00e8 00080240 		.word	1073874944
 307 00ec 00040240 		.word	1073873920
 308              		.cfi_endproc
 309              	.LFE131:
 311              		.section	.text.HAL_DCMI_MspDeInit,"ax",%progbits
 312              		.align	1
 313              		.global	HAL_DCMI_MspDeInit
 314              		.syntax unified
 315              		.thumb
 316              		.thumb_func
 317              		.fpu fpv4-sp-d16
 319              	HAL_DCMI_MspDeInit:
 320              	.LVL8:
 321              	.LFB132:
 148:Src/stm32f4xx_hal_msp.c **** 
 149:Src/stm32f4xx_hal_msp.c **** /**
 150:Src/stm32f4xx_hal_msp.c **** * @brief DCMI MSP De-Initialization
 151:Src/stm32f4xx_hal_msp.c **** * This function freeze the hardware resources used in this example
 152:Src/stm32f4xx_hal_msp.c **** * @param hdcmi: DCMI handle pointer
 153:Src/stm32f4xx_hal_msp.c **** * @retval None
 154:Src/stm32f4xx_hal_msp.c **** */
 155:Src/stm32f4xx_hal_msp.c **** void HAL_DCMI_MspDeInit(DCMI_HandleTypeDef* hdcmi)
 156:Src/stm32f4xx_hal_msp.c **** {
 322              		.loc 1 156 1 is_stmt 1 view -0
 323              		.cfi_startproc
 324              		@ args = 0, pretend = 0, frame = 0
 325              		@ frame_needed = 0, uses_anonymous_args = 0
 326              		.loc 1 156 1 is_stmt 0 view .LVU90
 327 0000 08B5     		push	{r3, lr}
 328              	.LCFI6:
 329              		.cfi_def_cfa_offset 8
 330              		.cfi_offset 3, -8
 331              		.cfi_offset 14, -4
 157:Src/stm32f4xx_hal_msp.c ****   if(hdcmi->Instance==DCMI)
 332              		.loc 1 157 3 is_stmt 1 view .LVU91
 333              		.loc 1 157 11 is_stmt 0 view .LVU92
 334 0002 0268     		ldr	r2, [r0]
 335              		.loc 1 157 5 view .LVU93
 336 0004 0D4B     		ldr	r3, .L15
 337 0006 9A42     		cmp	r2, r3
 338 0008 00D0     		beq	.L14
 339              	.LVL9:
 340              	.L11:
 158:Src/stm32f4xx_hal_msp.c ****   {
 159:Src/stm32f4xx_hal_msp.c ****   /* USER CODE BEGIN DCMI_MspDeInit 0 */
 160:Src/stm32f4xx_hal_msp.c **** 
 161:Src/stm32f4xx_hal_msp.c ****   /* USER CODE END DCMI_MspDeInit 0 */
 162:Src/stm32f4xx_hal_msp.c ****     /* Peripheral clock disable */
 163:Src/stm32f4xx_hal_msp.c ****     __HAL_RCC_DCMI_CLK_DISABLE();
 164:Src/stm32f4xx_hal_msp.c ****   
 165:Src/stm32f4xx_hal_msp.c ****     /**DCMI GPIO Configuration    
 166:Src/stm32f4xx_hal_msp.c ****     PE4     ------> DCMI_D4
 167:Src/stm32f4xx_hal_msp.c ****     PE5     ------> DCMI_D6
ARM GAS  C:\Users\hungv\AppData\Local\Temp\ccZXcclx.s 			page 11


 168:Src/stm32f4xx_hal_msp.c ****     PE6     ------> DCMI_D7
 169:Src/stm32f4xx_hal_msp.c ****     PA4     ------> DCMI_HSYNC
 170:Src/stm32f4xx_hal_msp.c ****     PA6     ------> DCMI_PIXCK
 171:Src/stm32f4xx_hal_msp.c ****     PC6     ------> DCMI_D0
 172:Src/stm32f4xx_hal_msp.c ****     PC7     ------> DCMI_D1
 173:Src/stm32f4xx_hal_msp.c ****     PC8     ------> DCMI_D2
 174:Src/stm32f4xx_hal_msp.c ****     PC9     ------> DCMI_D3
 175:Src/stm32f4xx_hal_msp.c ****     PB6     ------> DCMI_D5
 176:Src/stm32f4xx_hal_msp.c ****     PB7     ------> DCMI_VSYNC 
 177:Src/stm32f4xx_hal_msp.c ****     */
 178:Src/stm32f4xx_hal_msp.c ****     HAL_GPIO_DeInit(GPIOE, GPIO_PIN_4|GPIO_PIN_5|GPIO_PIN_6);
 179:Src/stm32f4xx_hal_msp.c **** 
 180:Src/stm32f4xx_hal_msp.c ****     HAL_GPIO_DeInit(GPIOA, GPIO_PIN_4|GPIO_PIN_6);
 181:Src/stm32f4xx_hal_msp.c **** 
 182:Src/stm32f4xx_hal_msp.c ****     HAL_GPIO_DeInit(GPIOC, GPIO_PIN_6|GPIO_PIN_7|GPIO_PIN_8|GPIO_PIN_9);
 183:Src/stm32f4xx_hal_msp.c **** 
 184:Src/stm32f4xx_hal_msp.c ****     HAL_GPIO_DeInit(GPIOB, GPIO_PIN_6|GPIO_PIN_7);
 185:Src/stm32f4xx_hal_msp.c **** 
 186:Src/stm32f4xx_hal_msp.c ****   /* USER CODE BEGIN DCMI_MspDeInit 1 */
 187:Src/stm32f4xx_hal_msp.c **** 
 188:Src/stm32f4xx_hal_msp.c ****   /* USER CODE END DCMI_MspDeInit 1 */
 189:Src/stm32f4xx_hal_msp.c ****   }
 190:Src/stm32f4xx_hal_msp.c **** 
 191:Src/stm32f4xx_hal_msp.c **** }
 341              		.loc 1 191 1 view .LVU94
 342 000a 08BD     		pop	{r3, pc}
 343              	.LVL10:
 344              	.L14:
 163:Src/stm32f4xx_hal_msp.c ****   
 345              		.loc 1 163 5 is_stmt 1 view .LVU95
 346 000c 0C4A     		ldr	r2, .L15+4
 347 000e 536B     		ldr	r3, [r2, #52]
 348 0010 23F00103 		bic	r3, r3, #1
 349 0014 5363     		str	r3, [r2, #52]
 178:Src/stm32f4xx_hal_msp.c **** 
 350              		.loc 1 178 5 view .LVU96
 351 0016 7021     		movs	r1, #112
 352 0018 0A48     		ldr	r0, .L15+8
 353              	.LVL11:
 178:Src/stm32f4xx_hal_msp.c **** 
 354              		.loc 1 178 5 is_stmt 0 view .LVU97
 355 001a FFF7FEFF 		bl	HAL_GPIO_DeInit
 356              	.LVL12:
 180:Src/stm32f4xx_hal_msp.c **** 
 357              		.loc 1 180 5 is_stmt 1 view .LVU98
 358 001e 5021     		movs	r1, #80
 359 0020 0948     		ldr	r0, .L15+12
 360 0022 FFF7FEFF 		bl	HAL_GPIO_DeInit
 361              	.LVL13:
 182:Src/stm32f4xx_hal_msp.c **** 
 362              		.loc 1 182 5 view .LVU99
 363 0026 4FF47071 		mov	r1, #960
 364 002a 0848     		ldr	r0, .L15+16
 365 002c FFF7FEFF 		bl	HAL_GPIO_DeInit
 366              	.LVL14:
 184:Src/stm32f4xx_hal_msp.c **** 
 367              		.loc 1 184 5 view .LVU100
ARM GAS  C:\Users\hungv\AppData\Local\Temp\ccZXcclx.s 			page 12


 368 0030 C021     		movs	r1, #192
 369 0032 0748     		ldr	r0, .L15+20
 370 0034 FFF7FEFF 		bl	HAL_GPIO_DeInit
 371              	.LVL15:
 372              		.loc 1 191 1 is_stmt 0 view .LVU101
 373 0038 E7E7     		b	.L11
 374              	.L16:
 375 003a 00BF     		.align	2
 376              	.L15:
 377 003c 00000550 		.word	1342504960
 378 0040 00380240 		.word	1073887232
 379 0044 00100240 		.word	1073876992
 380 0048 00000240 		.word	1073872896
 381 004c 00080240 		.word	1073874944
 382 0050 00040240 		.word	1073873920
 383              		.cfi_endproc
 384              	.LFE132:
 386              		.section	.text.HAL_I2C_MspInit,"ax",%progbits
 387              		.align	1
 388              		.global	HAL_I2C_MspInit
 389              		.syntax unified
 390              		.thumb
 391              		.thumb_func
 392              		.fpu fpv4-sp-d16
 394              	HAL_I2C_MspInit:
 395              	.LVL16:
 396              	.LFB133:
 192:Src/stm32f4xx_hal_msp.c **** 
 193:Src/stm32f4xx_hal_msp.c **** /**
 194:Src/stm32f4xx_hal_msp.c **** * @brief I2C MSP Initialization
 195:Src/stm32f4xx_hal_msp.c **** * This function configures the hardware resources used in this example
 196:Src/stm32f4xx_hal_msp.c **** * @param hi2c: I2C handle pointer
 197:Src/stm32f4xx_hal_msp.c **** * @retval None
 198:Src/stm32f4xx_hal_msp.c **** */
 199:Src/stm32f4xx_hal_msp.c **** void HAL_I2C_MspInit(I2C_HandleTypeDef* hi2c)
 200:Src/stm32f4xx_hal_msp.c **** {
 397              		.loc 1 200 1 is_stmt 1 view -0
 398              		.cfi_startproc
 399              		@ args = 0, pretend = 0, frame = 32
 400              		@ frame_needed = 0, uses_anonymous_args = 0
 401              		.loc 1 200 1 is_stmt 0 view .LVU103
 402 0000 30B5     		push	{r4, r5, lr}
 403              	.LCFI7:
 404              		.cfi_def_cfa_offset 12
 405              		.cfi_offset 4, -12
 406              		.cfi_offset 5, -8
 407              		.cfi_offset 14, -4
 408 0002 89B0     		sub	sp, sp, #36
 409              	.LCFI8:
 410              		.cfi_def_cfa_offset 48
 201:Src/stm32f4xx_hal_msp.c ****   GPIO_InitTypeDef GPIO_InitStruct = {0};
 411              		.loc 1 201 3 is_stmt 1 view .LVU104
 412              		.loc 1 201 20 is_stmt 0 view .LVU105
 413 0004 0023     		movs	r3, #0
 414 0006 0393     		str	r3, [sp, #12]
 415 0008 0493     		str	r3, [sp, #16]
 416 000a 0593     		str	r3, [sp, #20]
ARM GAS  C:\Users\hungv\AppData\Local\Temp\ccZXcclx.s 			page 13


 417 000c 0693     		str	r3, [sp, #24]
 418 000e 0793     		str	r3, [sp, #28]
 202:Src/stm32f4xx_hal_msp.c ****   if(hi2c->Instance==I2C1)
 419              		.loc 1 202 3 is_stmt 1 view .LVU106
 420              		.loc 1 202 10 is_stmt 0 view .LVU107
 421 0010 0268     		ldr	r2, [r0]
 422              		.loc 1 202 5 view .LVU108
 423 0012 154B     		ldr	r3, .L21
 424 0014 9A42     		cmp	r2, r3
 425 0016 01D0     		beq	.L20
 426              	.LVL17:
 427              	.L17:
 203:Src/stm32f4xx_hal_msp.c ****   {
 204:Src/stm32f4xx_hal_msp.c ****   /* USER CODE BEGIN I2C1_MspInit 0 */
 205:Src/stm32f4xx_hal_msp.c **** 
 206:Src/stm32f4xx_hal_msp.c ****   /* USER CODE END I2C1_MspInit 0 */
 207:Src/stm32f4xx_hal_msp.c ****   
 208:Src/stm32f4xx_hal_msp.c ****     __HAL_RCC_GPIOB_CLK_ENABLE();
 209:Src/stm32f4xx_hal_msp.c ****     /**I2C1 GPIO Configuration    
 210:Src/stm32f4xx_hal_msp.c ****     PB8     ------> I2C1_SCL
 211:Src/stm32f4xx_hal_msp.c ****     PB9     ------> I2C1_SDA 
 212:Src/stm32f4xx_hal_msp.c ****     */
 213:Src/stm32f4xx_hal_msp.c ****     GPIO_InitStruct.Pin = GPIO_PIN_8|GPIO_PIN_9;
 214:Src/stm32f4xx_hal_msp.c ****     GPIO_InitStruct.Mode = GPIO_MODE_AF_OD;
 215:Src/stm32f4xx_hal_msp.c ****     GPIO_InitStruct.Pull = GPIO_PULLUP;
 216:Src/stm32f4xx_hal_msp.c ****     GPIO_InitStruct.Speed = GPIO_SPEED_FREQ_VERY_HIGH;
 217:Src/stm32f4xx_hal_msp.c ****     GPIO_InitStruct.Alternate = GPIO_AF4_I2C1;
 218:Src/stm32f4xx_hal_msp.c ****     HAL_GPIO_Init(GPIOB, &GPIO_InitStruct);
 219:Src/stm32f4xx_hal_msp.c **** 
 220:Src/stm32f4xx_hal_msp.c ****     /* Peripheral clock enable */
 221:Src/stm32f4xx_hal_msp.c ****     __HAL_RCC_I2C1_CLK_ENABLE();
 222:Src/stm32f4xx_hal_msp.c ****   /* USER CODE BEGIN I2C1_MspInit 1 */
 223:Src/stm32f4xx_hal_msp.c **** 
 224:Src/stm32f4xx_hal_msp.c ****   /* USER CODE END I2C1_MspInit 1 */
 225:Src/stm32f4xx_hal_msp.c ****   }
 226:Src/stm32f4xx_hal_msp.c **** 
 227:Src/stm32f4xx_hal_msp.c **** }
 428              		.loc 1 227 1 view .LVU109
 429 0018 09B0     		add	sp, sp, #36
 430              	.LCFI9:
 431              		.cfi_remember_state
 432              		.cfi_def_cfa_offset 12
 433              		@ sp needed
 434 001a 30BD     		pop	{r4, r5, pc}
 435              	.LVL18:
 436              	.L20:
 437              	.LCFI10:
 438              		.cfi_restore_state
 208:Src/stm32f4xx_hal_msp.c ****     /**I2C1 GPIO Configuration    
 439              		.loc 1 208 5 is_stmt 1 view .LVU110
 440              	.LBB9:
 208:Src/stm32f4xx_hal_msp.c ****     /**I2C1 GPIO Configuration    
 441              		.loc 1 208 5 view .LVU111
 442 001c 0025     		movs	r5, #0
 443 001e 0195     		str	r5, [sp, #4]
 208:Src/stm32f4xx_hal_msp.c ****     /**I2C1 GPIO Configuration    
 444              		.loc 1 208 5 view .LVU112
ARM GAS  C:\Users\hungv\AppData\Local\Temp\ccZXcclx.s 			page 14


 445 0020 124C     		ldr	r4, .L21+4
 446 0022 236B     		ldr	r3, [r4, #48]
 447 0024 43F00203 		orr	r3, r3, #2
 448 0028 2363     		str	r3, [r4, #48]
 208:Src/stm32f4xx_hal_msp.c ****     /**I2C1 GPIO Configuration    
 449              		.loc 1 208 5 view .LVU113
 450 002a 236B     		ldr	r3, [r4, #48]
 451 002c 03F00203 		and	r3, r3, #2
 452 0030 0193     		str	r3, [sp, #4]
 208:Src/stm32f4xx_hal_msp.c ****     /**I2C1 GPIO Configuration    
 453              		.loc 1 208 5 view .LVU114
 454 0032 019B     		ldr	r3, [sp, #4]
 455              	.LBE9:
 213:Src/stm32f4xx_hal_msp.c ****     GPIO_InitStruct.Mode = GPIO_MODE_AF_OD;
 456              		.loc 1 213 5 view .LVU115
 213:Src/stm32f4xx_hal_msp.c ****     GPIO_InitStruct.Mode = GPIO_MODE_AF_OD;
 457              		.loc 1 213 25 is_stmt 0 view .LVU116
 458 0034 4FF44073 		mov	r3, #768
 459 0038 0393     		str	r3, [sp, #12]
 214:Src/stm32f4xx_hal_msp.c ****     GPIO_InitStruct.Pull = GPIO_PULLUP;
 460              		.loc 1 214 5 is_stmt 1 view .LVU117
 214:Src/stm32f4xx_hal_msp.c ****     GPIO_InitStruct.Pull = GPIO_PULLUP;
 461              		.loc 1 214 26 is_stmt 0 view .LVU118
 462 003a 1223     		movs	r3, #18
 463 003c 0493     		str	r3, [sp, #16]
 215:Src/stm32f4xx_hal_msp.c ****     GPIO_InitStruct.Speed = GPIO_SPEED_FREQ_VERY_HIGH;
 464              		.loc 1 215 5 is_stmt 1 view .LVU119
 215:Src/stm32f4xx_hal_msp.c ****     GPIO_InitStruct.Speed = GPIO_SPEED_FREQ_VERY_HIGH;
 465              		.loc 1 215 26 is_stmt 0 view .LVU120
 466 003e 0123     		movs	r3, #1
 467 0040 0593     		str	r3, [sp, #20]
 216:Src/stm32f4xx_hal_msp.c ****     GPIO_InitStruct.Alternate = GPIO_AF4_I2C1;
 468              		.loc 1 216 5 is_stmt 1 view .LVU121
 216:Src/stm32f4xx_hal_msp.c ****     GPIO_InitStruct.Alternate = GPIO_AF4_I2C1;
 469              		.loc 1 216 27 is_stmt 0 view .LVU122
 470 0042 0323     		movs	r3, #3
 471 0044 0693     		str	r3, [sp, #24]
 217:Src/stm32f4xx_hal_msp.c ****     HAL_GPIO_Init(GPIOB, &GPIO_InitStruct);
 472              		.loc 1 217 5 is_stmt 1 view .LVU123
 217:Src/stm32f4xx_hal_msp.c ****     HAL_GPIO_Init(GPIOB, &GPIO_InitStruct);
 473              		.loc 1 217 31 is_stmt 0 view .LVU124
 474 0046 0423     		movs	r3, #4
 475 0048 0793     		str	r3, [sp, #28]
 218:Src/stm32f4xx_hal_msp.c **** 
 476              		.loc 1 218 5 is_stmt 1 view .LVU125
 477 004a 03A9     		add	r1, sp, #12
 478 004c 0848     		ldr	r0, .L21+8
 479              	.LVL19:
 218:Src/stm32f4xx_hal_msp.c **** 
 480              		.loc 1 218 5 is_stmt 0 view .LVU126
 481 004e FFF7FEFF 		bl	HAL_GPIO_Init
 482              	.LVL20:
 221:Src/stm32f4xx_hal_msp.c ****   /* USER CODE BEGIN I2C1_MspInit 1 */
 483              		.loc 1 221 5 is_stmt 1 view .LVU127
 484              	.LBB10:
 221:Src/stm32f4xx_hal_msp.c ****   /* USER CODE BEGIN I2C1_MspInit 1 */
 485              		.loc 1 221 5 view .LVU128
ARM GAS  C:\Users\hungv\AppData\Local\Temp\ccZXcclx.s 			page 15


 486 0052 0295     		str	r5, [sp, #8]
 221:Src/stm32f4xx_hal_msp.c ****   /* USER CODE BEGIN I2C1_MspInit 1 */
 487              		.loc 1 221 5 view .LVU129
 488 0054 236C     		ldr	r3, [r4, #64]
 489 0056 43F40013 		orr	r3, r3, #2097152
 490 005a 2364     		str	r3, [r4, #64]
 221:Src/stm32f4xx_hal_msp.c ****   /* USER CODE BEGIN I2C1_MspInit 1 */
 491              		.loc 1 221 5 view .LVU130
 492 005c 236C     		ldr	r3, [r4, #64]
 493 005e 03F40013 		and	r3, r3, #2097152
 494 0062 0293     		str	r3, [sp, #8]
 221:Src/stm32f4xx_hal_msp.c ****   /* USER CODE BEGIN I2C1_MspInit 1 */
 495              		.loc 1 221 5 view .LVU131
 496 0064 029B     		ldr	r3, [sp, #8]
 497              	.LBE10:
 498              		.loc 1 227 1 is_stmt 0 view .LVU132
 499 0066 D7E7     		b	.L17
 500              	.L22:
 501              		.align	2
 502              	.L21:
 503 0068 00540040 		.word	1073763328
 504 006c 00380240 		.word	1073887232
 505 0070 00040240 		.word	1073873920
 506              		.cfi_endproc
 507              	.LFE133:
 509              		.section	.text.HAL_I2C_MspDeInit,"ax",%progbits
 510              		.align	1
 511              		.global	HAL_I2C_MspDeInit
 512              		.syntax unified
 513              		.thumb
 514              		.thumb_func
 515              		.fpu fpv4-sp-d16
 517              	HAL_I2C_MspDeInit:
 518              	.LVL21:
 519              	.LFB134:
 228:Src/stm32f4xx_hal_msp.c **** 
 229:Src/stm32f4xx_hal_msp.c **** /**
 230:Src/stm32f4xx_hal_msp.c **** * @brief I2C MSP De-Initialization
 231:Src/stm32f4xx_hal_msp.c **** * This function freeze the hardware resources used in this example
 232:Src/stm32f4xx_hal_msp.c **** * @param hi2c: I2C handle pointer
 233:Src/stm32f4xx_hal_msp.c **** * @retval None
 234:Src/stm32f4xx_hal_msp.c **** */
 235:Src/stm32f4xx_hal_msp.c **** void HAL_I2C_MspDeInit(I2C_HandleTypeDef* hi2c)
 236:Src/stm32f4xx_hal_msp.c **** {
 520              		.loc 1 236 1 is_stmt 1 view -0
 521              		.cfi_startproc
 522              		@ args = 0, pretend = 0, frame = 0
 523              		@ frame_needed = 0, uses_anonymous_args = 0
 524              		.loc 1 236 1 is_stmt 0 view .LVU134
 525 0000 08B5     		push	{r3, lr}
 526              	.LCFI11:
 527              		.cfi_def_cfa_offset 8
 528              		.cfi_offset 3, -8
 529              		.cfi_offset 14, -4
 237:Src/stm32f4xx_hal_msp.c ****   if(hi2c->Instance==I2C1)
 530              		.loc 1 237 3 is_stmt 1 view .LVU135
 531              		.loc 1 237 10 is_stmt 0 view .LVU136
ARM GAS  C:\Users\hungv\AppData\Local\Temp\ccZXcclx.s 			page 16


 532 0002 0268     		ldr	r2, [r0]
 533              		.loc 1 237 5 view .LVU137
 534 0004 074B     		ldr	r3, .L27
 535 0006 9A42     		cmp	r2, r3
 536 0008 00D0     		beq	.L26
 537              	.LVL22:
 538              	.L23:
 238:Src/stm32f4xx_hal_msp.c ****   {
 239:Src/stm32f4xx_hal_msp.c ****   /* USER CODE BEGIN I2C1_MspDeInit 0 */
 240:Src/stm32f4xx_hal_msp.c **** 
 241:Src/stm32f4xx_hal_msp.c ****   /* USER CODE END I2C1_MspDeInit 0 */
 242:Src/stm32f4xx_hal_msp.c ****     /* Peripheral clock disable */
 243:Src/stm32f4xx_hal_msp.c ****     __HAL_RCC_I2C1_CLK_DISABLE();
 244:Src/stm32f4xx_hal_msp.c ****   
 245:Src/stm32f4xx_hal_msp.c ****     /**I2C1 GPIO Configuration    
 246:Src/stm32f4xx_hal_msp.c ****     PB8     ------> I2C1_SCL
 247:Src/stm32f4xx_hal_msp.c ****     PB9     ------> I2C1_SDA 
 248:Src/stm32f4xx_hal_msp.c ****     */
 249:Src/stm32f4xx_hal_msp.c ****     HAL_GPIO_DeInit(GPIOB, GPIO_PIN_8|GPIO_PIN_9);
 250:Src/stm32f4xx_hal_msp.c **** 
 251:Src/stm32f4xx_hal_msp.c ****   /* USER CODE BEGIN I2C1_MspDeInit 1 */
 252:Src/stm32f4xx_hal_msp.c **** 
 253:Src/stm32f4xx_hal_msp.c ****   /* USER CODE END I2C1_MspDeInit 1 */
 254:Src/stm32f4xx_hal_msp.c ****   }
 255:Src/stm32f4xx_hal_msp.c **** 
 256:Src/stm32f4xx_hal_msp.c **** }
 539              		.loc 1 256 1 view .LVU138
 540 000a 08BD     		pop	{r3, pc}
 541              	.LVL23:
 542              	.L26:
 243:Src/stm32f4xx_hal_msp.c ****   
 543              		.loc 1 243 5 is_stmt 1 view .LVU139
 544 000c 064A     		ldr	r2, .L27+4
 545 000e 136C     		ldr	r3, [r2, #64]
 546 0010 23F40013 		bic	r3, r3, #2097152
 547 0014 1364     		str	r3, [r2, #64]
 249:Src/stm32f4xx_hal_msp.c **** 
 548              		.loc 1 249 5 view .LVU140
 549 0016 4FF44071 		mov	r1, #768
 550 001a 0448     		ldr	r0, .L27+8
 551              	.LVL24:
 249:Src/stm32f4xx_hal_msp.c **** 
 552              		.loc 1 249 5 is_stmt 0 view .LVU141
 553 001c FFF7FEFF 		bl	HAL_GPIO_DeInit
 554              	.LVL25:
 555              		.loc 1 256 1 view .LVU142
 556 0020 F3E7     		b	.L23
 557              	.L28:
 558 0022 00BF     		.align	2
 559              	.L27:
 560 0024 00540040 		.word	1073763328
 561 0028 00380240 		.word	1073887232
 562 002c 00040240 		.word	1073873920
 563              		.cfi_endproc
 564              	.LFE134:
 566              		.text
 567              	.Letext0:
ARM GAS  C:\Users\hungv\AppData\Local\Temp\ccZXcclx.s 			page 17


 568              		.file 2 "c:\\users\\hungv\\appdata\\roaming\\xpacks\\@gnu-mcu-eclipse\\arm-none-eabi-gcc\\8.2.1-1.
 569              		.file 3 "c:\\users\\hungv\\appdata\\roaming\\xpacks\\@gnu-mcu-eclipse\\arm-none-eabi-gcc\\8.2.1-1.
 570              		.file 4 "Drivers/CMSIS/Include/core_cm4.h"
 571              		.file 5 "Drivers/CMSIS/Device/ST/STM32F4xx/Include/system_stm32f4xx.h"
 572              		.file 6 "Drivers/CMSIS/Device/ST/STM32F4xx/Include/stm32f407xx.h"
 573              		.file 7 "Drivers/STM32F4xx_HAL_Driver/Inc/stm32f4xx_hal_def.h"
 574              		.file 8 "Drivers/STM32F4xx_HAL_Driver/Inc/stm32f4xx_hal_gpio.h"
 575              		.file 9 "Drivers/STM32F4xx_HAL_Driver/Inc/stm32f4xx_hal_dma.h"
 576              		.file 10 "Drivers/STM32F4xx_HAL_Driver/Inc/stm32f4xx_hal_dcmi_ex.h"
 577              		.file 11 "Drivers/STM32F4xx_HAL_Driver/Inc/stm32f4xx_hal_dcmi.h"
 578              		.file 12 "Drivers/STM32F4xx_HAL_Driver/Inc/stm32f4xx_hal_i2c.h"
 579              		.file 13 "Inc/camera.h"
 580              		.file 14 "Inc/ov2640.h"
ARM GAS  C:\Users\hungv\AppData\Local\Temp\ccZXcclx.s 			page 18


DEFINED SYMBOLS
                            *ABS*:0000000000000000 stm32f4xx_hal_msp.c
C:\Users\hungv\AppData\Local\Temp\ccZXcclx.s:18     .text.HAL_MspInit:0000000000000000 $t
C:\Users\hungv\AppData\Local\Temp\ccZXcclx.s:26     .text.HAL_MspInit:0000000000000000 HAL_MspInit
C:\Users\hungv\AppData\Local\Temp\ccZXcclx.s:78     .text.HAL_MspInit:0000000000000034 $d
C:\Users\hungv\AppData\Local\Temp\ccZXcclx.s:83     .text.HAL_DCMI_MspInit:0000000000000000 $t
C:\Users\hungv\AppData\Local\Temp\ccZXcclx.s:90     .text.HAL_DCMI_MspInit:0000000000000000 HAL_DCMI_MspInit
C:\Users\hungv\AppData\Local\Temp\ccZXcclx.s:302    .text.HAL_DCMI_MspInit:00000000000000d8 $d
C:\Users\hungv\AppData\Local\Temp\ccZXcclx.s:312    .text.HAL_DCMI_MspDeInit:0000000000000000 $t
C:\Users\hungv\AppData\Local\Temp\ccZXcclx.s:319    .text.HAL_DCMI_MspDeInit:0000000000000000 HAL_DCMI_MspDeInit
C:\Users\hungv\AppData\Local\Temp\ccZXcclx.s:377    .text.HAL_DCMI_MspDeInit:000000000000003c $d
C:\Users\hungv\AppData\Local\Temp\ccZXcclx.s:387    .text.HAL_I2C_MspInit:0000000000000000 $t
C:\Users\hungv\AppData\Local\Temp\ccZXcclx.s:394    .text.HAL_I2C_MspInit:0000000000000000 HAL_I2C_MspInit
C:\Users\hungv\AppData\Local\Temp\ccZXcclx.s:503    .text.HAL_I2C_MspInit:0000000000000068 $d
C:\Users\hungv\AppData\Local\Temp\ccZXcclx.s:510    .text.HAL_I2C_MspDeInit:0000000000000000 $t
C:\Users\hungv\AppData\Local\Temp\ccZXcclx.s:517    .text.HAL_I2C_MspDeInit:0000000000000000 HAL_I2C_MspDeInit
C:\Users\hungv\AppData\Local\Temp\ccZXcclx.s:560    .text.HAL_I2C_MspDeInit:0000000000000024 $d

UNDEFINED SYMBOLS
HAL_GPIO_Init
HAL_GPIO_DeInit
